Thu, 22 Apr 2021 21:34:03 GMT | INFO | c10.log | Server running on port 3000 | 
Thu, 22 Apr 2021 21:34:33 GMT | ERROR | c10.log | MongooseServerSelectionError: connect ECONNREFUSED 127.0.0.1:27017 | 
Thu, 22 Apr 2021 21:35:56 GMT | INFO | c10.log | Server running on port 3000 | 
Thu, 22 Apr 2021 21:36:17 GMT | INFO | c10.log | Server running on port 3000 | 
Thu, 22 Apr 2021 21:36:53 GMT | INFO | c10.log | Server running on port 3000 | 
Thu, 22 Apr 2021 21:37:23 GMT | ERROR | c10.log | MongooseServerSelectionError: connect ECONNREFUSED 127.0.0.1:27017 | 
Thu, 22 Apr 2021 21:38:24 GMT | INFO | c10.log | Server running on port 3000 | 
Thu, 22 Apr 2021 21:38:36 GMT | INFO | c10.log | Server running on port 3000 | 
Thu, 22 Apr 2021 21:38:52 GMT | INFO | c10.log | Server running on port 3000 | 
Thu, 22 Apr 2021 21:38:57 GMT | INFO | c10.log | Server running on port 3000 | 
Thu, 22 Apr 2021 21:38:59 GMT | INFO | c10.log | Server running on port 3000 | 
Thu, 22 Apr 2021 21:39:01 GMT | INFO | c10.log | Server running on port 3000 | 
Thu, 22 Apr 2021 21:39:31 GMT | ERROR | c10.log | MongooseServerSelectionError: connect ECONNREFUSED 127.0.0.1:27017 | 
Thu, 22 Apr 2021 21:39:54 GMT | INFO | c10.log | Server running on port 3000 | 
Thu, 22 Apr 2021 21:40:24 GMT | ERROR | c10.log | MongooseServerSelectionError: connect ECONNREFUSED 127.0.0.1:27017 | 
Thu, 22 Apr 2021 21:40:48 GMT | INFO | c10.log | Server running on port 3000 | 
Thu, 22 Apr 2021 21:41:02 GMT | INFO | c10.log | Server running on port 3000 | 
Thu, 22 Apr 2021 21:41:32 GMT | ERROR | c10.log | MongooseServerSelectionError: connect ECONNREFUSED 127.0.0.1:27017 | 
Thu, 22 Apr 2021 21:41:34 GMT | INFO | c10.log | Server running on port 3000 | 
Thu, 22 Apr 2021 21:41:41 GMT | INFO | c10.log | Server running on port 3000 | 
Thu, 22 Apr 2021 21:42:11 GMT | ERROR | c10.log | MongooseServerSelectionError: connect ECONNREFUSED 127.0.0.1:27017 | 
Thu, 22 Apr 2021 21:42:33 GMT | INFO | c10.log | Server running on port 3000 | 
Thu, 22 Apr 2021 21:42:39 GMT | INFO | c10.log | Server running on port 3000 | 
Thu, 22 Apr 2021 21:43:09 GMT | ERROR | c10.log | MongooseServerSelectionError: connect ECONNREFUSED 127.0.0.1:27017 | 
Tue, 22 Jun 2021 20:29:36 GMT | INFO | c10.log | Server running on port 3000 | 
Tue, 22 Jun 2021 20:29:36 GMT | INFO | c10.log | Database is connected | 
Tue, 22 Jun 2021 20:31:30 GMT | INFO | c10.log | Server running on port 3000 | 
Tue, 22 Jun 2021 20:31:30 GMT | INFO | c10.log | Database is connected | 
Tue, 22 Jun 2021 20:34:27 GMT | INFO | c10.log | Server running on port 3000 | 
Tue, 22 Jun 2021 20:34:27 GMT | INFO | c10.log | Database is connected | 
Tue, 22 Jun 2021 20:43:16 GMT | INFO | c10.log | Server running on port 3000 | 
Tue, 22 Jun 2021 20:43:16 GMT | INFO | c10.log | Database is connected | 
Tue, 22 Jun 2021 20:43:19 GMT | INFO | c10.log | Server running on port 3000 | 
Tue, 22 Jun 2021 20:43:19 GMT | INFO | c10.log | Database is connected | 
Tue, 22 Jun 2021 21:02:54 GMT | INFO | c10.log | Server running on port 3000 | 
Tue, 22 Jun 2021 21:02:54 GMT | INFO | c10.log | Database is connected | 
Tue, 22 Jun 2021 21:03:02 GMT | INFO | c10.log | Server running on port 3000 | 
Tue, 22 Jun 2021 21:03:02 GMT | INFO | c10.log | Database is connected | 
Wed, 23 Jun 2021 14:40:22 GMT | INFO | c10.log | Server running on port 4000 | 
Wed, 23 Jun 2021 14:40:52 GMT | ERROR | c10.log | MongooseServerSelectionError: connect ECONNREFUSED 127.0.0.1:27017 | 
Mon, 19 Jul 2021 15:52:08 GMT | INFO | c10.log | Server running on port 4000 | 
Mon, 19 Jul 2021 15:52:38 GMT | ERROR | c10.log | MongooseServerSelectionError: connect ECONNREFUSED 127.0.0.1:27017 | 
Mon, 19 Jul 2021 15:52:52 GMT | INFO | c10.log | Server running on port 4000 | 
Mon, 19 Jul 2021 15:52:52 GMT | INFO | c10.log | Database is connected | 
Mon, 19 Jul 2021 16:07:22 GMT | INFO | c10.log | Server running on port 4000 | 
Mon, 19 Jul 2021 16:07:22 GMT | INFO | c10.log | Database is connected | 
Mon, 19 Jul 2021 16:07:42 GMT | INFO | c10.log | Server running on port 4000 | 
Mon, 19 Jul 2021 16:07:42 GMT | INFO | c10.log | Database is connected | 
Mon, 19 Jul 2021 16:08:24 GMT | INFO | c10.log | Server running on port 4000 | 
Mon, 19 Jul 2021 16:08:24 GMT | INFO | c10.log | Database is connected | 
Mon, 19 Jul 2021 16:08:38 GMT | INFO | c10.log | Server running on port 4000 | 
Mon, 19 Jul 2021 16:08:38 GMT | INFO | c10.log | Database is connected | 
Mon, 19 Jul 2021 16:08:46 GMT | INFO | c10.log | Server running on port 4000 | 
Mon, 19 Jul 2021 16:08:46 GMT | INFO | c10.log | Database is connected | 
Mon, 19 Jul 2021 16:09:00 GMT | INFO | c10.log | Server running on port 4000 | 
Mon, 19 Jul 2021 16:09:00 GMT | INFO | c10.log | Database is connected | 
Mon, 19 Jul 2021 16:23:40 GMT | INFO | c10.log | Server running on port 4000 | 
Mon, 19 Jul 2021 16:23:40 GMT | INFO | c10.log | Database is connected | 
Mon, 19 Jul 2021 16:56:54 GMT | INFO | c10.log | Server running on port 4000 | 
Mon, 19 Jul 2021 16:56:54 GMT | INFO | c10.log | Database is connected | 
Mon, 19 Jul 2021 16:58:49 GMT | INFO | c10.log | Server running on port 4000 | 
Mon, 19 Jul 2021 16:58:49 GMT | INFO | c10.log | Database is connected | 
Mon, 19 Jul 2021 16:58:56 GMT | INFO | c10.log | Server running on port 4000 | 
Mon, 19 Jul 2021 16:58:56 GMT | INFO | c10.log | Database is connected | 
Mon, 19 Jul 2021 17:02:24 GMT | INFO | c10.log | Server running on port 4000 | 
Mon, 19 Jul 2021 17:02:24 GMT | INFO | c10.log | Database is connected | 
Mon, 19 Jul 2021 17:03:04 GMT | INFO | c10.log | Server running on port 4000 | 
Mon, 19 Jul 2021 17:03:04 GMT | INFO | c10.log | Database is connected | 
Mon, 19 Jul 2021 17:20:14 GMT | INFO | c10.log | Database is connected | 
Wed, 28 Jul 2021 20:06:57 GMT | INFO | c10.log | Server running on port 4000 | 
Wed, 28 Jul 2021 20:07:27 GMT | ERROR | c10.log | MongooseServerSelectionError: connect ECONNREFUSED 127.0.0.1:27017 | 
Wed, 28 Jul 2021 20:08:38 GMT | INFO | c10.log | Server running on port 4000 | 
Wed, 28 Jul 2021 20:08:38 GMT | INFO | c10.log | Database is connected | 
Wed, 28 Jul 2021 20:08:43 GMT | INFO | c10.log | Server running on port 4000 | 
Wed, 28 Jul 2021 20:08:43 GMT | INFO | c10.log | Database is connected | 
Wed, 28 Jul 2021 20:11:48 GMT | INFO | c10.log | Server running on port 4000 | 
Wed, 28 Jul 2021 20:11:48 GMT | INFO | c10.log | Database is connected | 
Wed, 28 Jul 2021 20:26:16 GMT | INFO | c10.log | Server running on port 4000 | 
Wed, 28 Jul 2021 20:26:16 GMT | INFO | c10.log | Database is connected | 
Wed, 28 Jul 2021 20:48:02 GMT | INFO | c10.log | Server running on port 4000 | 
Wed, 28 Jul 2021 20:48:02 GMT | INFO | c10.log | Database is connected | 
Wed, 28 Jul 2021 20:51:21 GMT | INFO | c10.log | Server running on port 4000 | 
Wed, 28 Jul 2021 20:51:21 GMT | INFO | c10.log | Database is connected | 
Wed, 28 Jul 2021 20:51:41 GMT | INFO | c10.log | Server running on port 4000 | 
Wed, 28 Jul 2021 20:51:41 GMT | INFO | c10.log | Database is connected | 
Wed, 28 Jul 2021 20:52:36 GMT | INFO | c10.log | Server running on port 4000 | 
Wed, 28 Jul 2021 20:52:36 GMT | INFO | c10.log | Database is connected | 
Wed, 28 Jul 2021 20:53:15 GMT | INFO | c10.log | Server running on port 4000 | 
Wed, 28 Jul 2021 20:53:15 GMT | INFO | c10.log | Database is connected | 
Wed, 28 Jul 2021 20:53:37 GMT | INFO | c10.log | Server running on port 4000 | 
Wed, 28 Jul 2021 20:53:37 GMT | INFO | c10.log | Database is connected | 
Wed, 28 Jul 2021 20:57:02 GMT | INFO | c10.log | Server running on port 4000 | 
Wed, 28 Jul 2021 20:57:02 GMT | INFO | c10.log | Database is connected | 
Wed, 28 Jul 2021 21:03:41 GMT | INFO | c10.log | Server running on port 4000 | 
Wed, 28 Jul 2021 21:03:41 GMT | INFO | c10.log | Database is connected | 
Wed, 28 Jul 2021 21:03:44 GMT | INFO | c10.log | Server running on port 4000 | 
Wed, 28 Jul 2021 21:03:44 GMT | INFO | c10.log | Database is connected | 
Wed, 28 Jul 2021 21:03:58 GMT | INFO | c10.log | Server running on port 4000 | 
Wed, 28 Jul 2021 21:03:59 GMT | INFO | c10.log | Database is connected | 
Wed, 28 Jul 2021 21:16:20 GMT | INFO | c10.log | Server running on port 4000 | 
Wed, 28 Jul 2021 21:16:20 GMT | INFO | c10.log | Database is connected | 
Mon, 29 Nov 2021 23:42:46 GMT | INFO | c10.log | Server running on port 4000 | 
Mon, 29 Nov 2021 23:42:46 GMT | ERROR | c10.log | MongooseError: The `uri` parameter to `openUri()` must be a string, got "undefined". Make sure the first parameter to `mongoose.connect()` or `mongoose.createConnection()` is a string. | 
Mon, 29 Nov 2021 23:45:07 GMT | INFO | c10.log | Server running on port 4000 | 
Mon, 29 Nov 2021 23:45:07 GMT | ERROR | c10.log | MongooseError: The `uri` parameter to `openUri()` must be a string, got "undefined". Make sure the first parameter to `mongoose.connect()` or `mongoose.createConnection()` is a string. | 
Mon, 29 Nov 2021 23:46:26 GMT | INFO | c10.log | Server running on port 4000 | 
Mon, 29 Nov 2021 23:46:26 GMT | ERROR | c10.log | MongooseError: The `uri` parameter to `openUri()` must be a string, got "undefined". Make sure the first parameter to `mongoose.connect()` or `mongoose.createConnection()` is a string. | 
Tue, 30 Nov 2021 00:01:52 GMT | INFO | c10.log | Server running on port 4000 | 
Tue, 30 Nov 2021 00:01:52 GMT | ERROR | c10.log | MongooseError: The `uri` parameter to `openUri()` must be a string, got "undefined". Make sure the first parameter to `mongoose.connect()` or `mongoose.createConnection()` is a string. | 
Tue, 30 Nov 2021 00:02:48 GMT | INFO | c10.log | Server running on port 4000 | 
Tue, 30 Nov 2021 00:02:55 GMT | INFO | c10.log | Database is connected | 
Tue, 30 Nov 2021 00:14:22 GMT | INFO | c10.log | Server running on port 4000 | 
Tue, 30 Nov 2021 00:14:29 GMT | INFO | c10.log | Database is connected | 
Tue, 30 Nov 2021 00:14:46 GMT | INFO | c10.log | Server running on port 4000 | 
Tue, 30 Nov 2021 00:14:48 GMT | INFO | c10.log | Database is connected | 
Tue, 30 Nov 2021 00:15:20 GMT | INFO | c10.log | Server running on port 4000 | 
Tue, 30 Nov 2021 00:15:23 GMT | INFO | c10.log | Database is connected | 
Tue, 30 Nov 2021 00:17:13 GMT | INFO | c10.log | Server running on port 4000 | 
Tue, 30 Nov 2021 00:17:20 GMT | INFO | c10.log | Database is connected | 
Tue, 30 Nov 2021 00:21:16 GMT | INFO | c10.log | Server running on port 4000 | 
Tue, 30 Nov 2021 00:21:26 GMT | INFO | c10.log | Database is connected | 
Tue, 30 Nov 2021 01:07:34 GMT | INFO | c10.log | Server running on port 4000 | 
Tue, 30 Nov 2021 01:07:38 GMT | INFO | c10.log | Database is connected | 
Tue, 30 Nov 2021 01:10:14 GMT | INFO | c10.log | Server running on port 4000 | 
Tue, 30 Nov 2021 01:10:17 GMT | INFO | c10.log | Database is connected | 
Tue, 30 Nov 2021 01:12:10 GMT | INFO | c10.log | Server running on port 4000 | 
Tue, 30 Nov 2021 01:12:12 GMT | INFO | c10.log | Database is connected | 
Tue, 30 Nov 2021 02:35:35 GMT | INFO | c10.log | Server running on port 4000 | 
Tue, 30 Nov 2021 02:35:36 GMT | INFO | c10.log | Database is connected | 
Tue, 30 Nov 2021 02:37:38 GMT | INFO | c10.log | Server running on port 4000 | 
Tue, 30 Nov 2021 02:37:39 GMT | INFO | c10.log | Database is connected | 
Tue, 30 Nov 2021 02:39:23 GMT | INFO | c10.log | Server running on port 4000 | 
Tue, 30 Nov 2021 02:39:24 GMT | INFO | c10.log | Database is connected | 
Tue, 30 Nov 2021 02:40:26 GMT | INFO | c10.log | Server running on port 4000 | 
Tue, 30 Nov 2021 02:40:27 GMT | INFO | c10.log | Database is connected | 
Tue, 30 Nov 2021 02:40:53 GMT | INFO | c10.log | Server running on port 4000 | 
Tue, 30 Nov 2021 02:40:54 GMT | INFO | c10.log | Database is connected | 
Tue, 30 Nov 2021 02:46:47 GMT | INFO | c10.log | Server running on port 4000 | 
Tue, 30 Nov 2021 02:46:48 GMT | INFO | c10.log | Database is connected | 
Tue, 30 Nov 2021 02:50:30 GMT | INFO | c10.log | Server running on port 4000 | 
Tue, 30 Nov 2021 02:50:31 GMT | INFO | c10.log | Database is connected | 
Wed, 01 Dec 2021 01:14:43 GMT | INFO | c10.log | Server running on port 4000 | 
Wed, 01 Dec 2021 01:14:47 GMT | INFO | c10.log | Database is connected | 
Wed, 01 Dec 2021 01:16:22 GMT | INFO | c10.log | Server running on port 4000 | 
Wed, 01 Dec 2021 01:16:25 GMT | INFO | c10.log | Database is connected | 
Wed, 01 Dec 2021 01:18:04 GMT | INFO | c10.log | Server running on port 4000 | 
Wed, 01 Dec 2021 01:18:06 GMT | INFO | c10.log | Database is connected | 
Wed, 01 Dec 2021 01:56:15 GMT | INFO | c10.log | Server running on port 4000 | 
Wed, 01 Dec 2021 01:56:17 GMT | INFO | c10.log | Database is connected | 
Wed, 01 Dec 2021 14:43:30 GMT | INFO | c10.log | Server running on port 4000 | 
Wed, 01 Dec 2021 14:43:32 GMT | INFO | c10.log | Database is connected | 
Wed, 01 Dec 2021 14:43:55 GMT | INFO | c10.log | Server running on port 4000 | 
Wed, 01 Dec 2021 14:43:56 GMT | INFO | c10.log | Database is connected | 
Wed, 01 Dec 2021 14:47:18 GMT | INFO | c10.log | Server running on port 4000 | 
Wed, 01 Dec 2021 14:47:20 GMT | INFO | c10.log | Database is connected | 
Wed, 01 Dec 2021 14:49:49 GMT | INFO | c10.log | Server running on port 4000 | 
Wed, 01 Dec 2021 14:49:51 GMT | INFO | c10.log | Database is connected | 
Wed, 01 Dec 2021 14:50:14 GMT | INFO | c10.log | Server running on port 4000 | 
Wed, 01 Dec 2021 14:50:15 GMT | INFO | c10.log | Database is connected | 
Wed, 01 Dec 2021 14:53:07 GMT | INFO | c10.log | Server running on port 4000 | 
Wed, 01 Dec 2021 14:53:08 GMT | INFO | c10.log | Database is connected | 
Wed, 01 Dec 2021 14:53:25 GMT | INFO | c10.log | Server running on port 4000 | 
Wed, 01 Dec 2021 14:53:25 GMT | INFO | c10.log | Database is connected | 
Wed, 01 Dec 2021 14:56:34 GMT | INFO | c10.log | Server running on port 4000 | 
Wed, 01 Dec 2021 14:56:36 GMT | INFO | c10.log | Database is connected | 
Wed, 01 Dec 2021 14:58:04 GMT | INFO | c10.log | Server running on port 4000 | 
Wed, 01 Dec 2021 14:58:05 GMT | INFO | c10.log | Database is connected | 
Wed, 01 Dec 2021 14:58:42 GMT | INFO | c10.log | Server running on port 4000 | 
Wed, 01 Dec 2021 14:58:42 GMT | INFO | c10.log | Database is connected | 
Wed, 01 Dec 2021 15:05:48 GMT | INFO | c10.log | Server running on port 4000 | 
Wed, 01 Dec 2021 15:05:49 GMT | INFO | c10.log | Database is connected | 
Wed, 01 Dec 2021 15:09:46 GMT | INFO | c10.log | Server running on port 4000 | 
Wed, 01 Dec 2021 15:09:48 GMT | INFO | c10.log | Database is connected | 
Wed, 01 Dec 2021 15:11:30 GMT | INFO | c10.log | Server running on port 4000 | 
Wed, 01 Dec 2021 15:11:31 GMT | INFO | c10.log | Database is connected | 
Wed, 01 Dec 2021 15:12:02 GMT | INFO | c10.log | Server running on port 4000 | 
Wed, 01 Dec 2021 15:12:03 GMT | INFO | c10.log | Database is connected | 
Wed, 01 Dec 2021 15:14:20 GMT | INFO | c10.log | Server running on port 4000 | 
Wed, 01 Dec 2021 15:14:21 GMT | INFO | c10.log | Database is connected | 
Wed, 01 Dec 2021 15:14:59 GMT | INFO | c10.log | Server running on port 4000 | 
Wed, 01 Dec 2021 15:15:00 GMT | INFO | c10.log | Database is connected | 
Wed, 01 Dec 2021 15:15:09 GMT | INFO | c10.log | Server running on port 4000 | 
Wed, 01 Dec 2021 15:15:10 GMT | INFO | c10.log | Database is connected | 
Wed, 01 Dec 2021 15:15:36 GMT | INFO | c10.log | Server running on port 4000 | 
Wed, 01 Dec 2021 15:15:38 GMT | INFO | c10.log | Database is connected | 
Wed, 01 Dec 2021 15:16:15 GMT | INFO | c10.log | Server running on port 4000 | 
Wed, 01 Dec 2021 15:16:15 GMT | INFO | c10.log | Database is connected | 
Wed, 01 Dec 2021 15:16:18 GMT | INFO | c10.log | Server running on port 4000 | 
Wed, 01 Dec 2021 15:16:19 GMT | INFO | c10.log | Database is connected | 
Wed, 01 Dec 2021 15:16:25 GMT | INFO | c10.log | Server running on port 4000 | 
Wed, 01 Dec 2021 15:16:26 GMT | INFO | c10.log | Database is connected | 
Wed, 01 Dec 2021 15:16:37 GMT | INFO | c10.log | Server running on port 4000 | 
Wed, 01 Dec 2021 15:16:38 GMT | INFO | c10.log | Database is connected | 
Wed, 01 Dec 2021 15:16:42 GMT | INFO | c10.log | Server running on port 4000 | 
Wed, 01 Dec 2021 15:16:44 GMT | INFO | c10.log | Database is connected | 
Wed, 01 Dec 2021 15:17:24 GMT | INFO | c10.log | Server running on port 4000 | 
Wed, 01 Dec 2021 15:17:25 GMT | INFO | c10.log | Database is connected | 
Wed, 01 Dec 2021 15:19:07 GMT | INFO | c10.log | Server running on port 4000 | 
Wed, 01 Dec 2021 15:19:09 GMT | INFO | c10.log | Database is connected | 
Wed, 01 Dec 2021 15:19:56 GMT | INFO | c10.log | Server running on port 4000 | 
Wed, 01 Dec 2021 15:19:57 GMT | INFO | c10.log | Database is connected | 
Wed, 01 Dec 2021 15:20:22 GMT | INFO | c10.log | Server running on port 4000 | 
Wed, 01 Dec 2021 15:20:23 GMT | INFO | c10.log | Database is connected | 
Wed, 01 Dec 2021 15:20:28 GMT | INFO | c10.log | Server running on port 4000 | 
Wed, 01 Dec 2021 15:20:29 GMT | INFO | c10.log | Database is connected | 
Wed, 01 Dec 2021 15:21:07 GMT | INFO | c10.log | Server running on port 4000 | 
Wed, 01 Dec 2021 15:21:08 GMT | INFO | c10.log | Database is connected | 
Wed, 01 Dec 2021 15:21:26 GMT | INFO | c10.log | Server running on port 4000 | 
Wed, 01 Dec 2021 15:21:28 GMT | INFO | c10.log | Database is connected | 
Wed, 01 Dec 2021 15:21:36 GMT | INFO | c10.log | Server running on port 4000 | 
Wed, 01 Dec 2021 15:21:37 GMT | INFO | c10.log | Database is connected | 
Wed, 01 Dec 2021 15:25:22 GMT | INFO | c10.log | Server running on port 4000 | 
Wed, 01 Dec 2021 15:25:24 GMT | INFO | c10.log | Database is connected | 
Wed, 01 Dec 2021 15:26:05 GMT | INFO | c10.log | Server running on port 4000 | 
Wed, 01 Dec 2021 15:26:06 GMT | INFO | c10.log | Database is connected | 
Wed, 01 Dec 2021 15:26:33 GMT | INFO | c10.log | Server running on port 4000 | 
Wed, 01 Dec 2021 15:26:35 GMT | INFO | c10.log | Database is connected | 
Wed, 01 Dec 2021 15:26:46 GMT | INFO | c10.log | Server running on port 4000 | 
Wed, 01 Dec 2021 15:26:47 GMT | INFO | c10.log | Database is connected | 
Wed, 01 Dec 2021 15:27:04 GMT | INFO | c10.log | Server running on port 4000 | 
Wed, 01 Dec 2021 15:27:05 GMT | INFO | c10.log | Database is connected | 
Wed, 01 Dec 2021 15:36:13 GMT | INFO | c10.log | Server running on port 4000 | 
Wed, 01 Dec 2021 15:36:15 GMT | INFO | c10.log | Database is connected | 
Wed, 01 Dec 2021 15:56:31 GMT | INFO | c10.log | Server running on port 4000 | 
Wed, 01 Dec 2021 15:56:33 GMT | INFO | c10.log | Database is connected | 
Wed, 01 Dec 2021 15:57:30 GMT | INFO | c10.log | Server running on port 4000 | 
Wed, 01 Dec 2021 15:57:31 GMT | INFO | c10.log | Database is connected | 
Wed, 01 Dec 2021 15:57:35 GMT | INFO | c10.log | Server running on port 4000 | 
Wed, 01 Dec 2021 15:57:36 GMT | INFO | c10.log | Database is connected | 
Wed, 01 Dec 2021 15:58:53 GMT | INFO | c10.log | Server running on port 4000 | 
Wed, 01 Dec 2021 15:58:54 GMT | INFO | c10.log | Database is connected | 
Wed, 01 Dec 2021 16:07:41 GMT | INFO | c10.log | Server running on port 4000 | 
Wed, 01 Dec 2021 16:07:42 GMT | INFO | c10.log | Database is connected | 
Wed, 01 Dec 2021 16:11:59 GMT | INFO | c10.log | Server running on port 4000 | 
Wed, 01 Dec 2021 16:12:00 GMT | INFO | c10.log | Database is connected | 
Wed, 01 Dec 2021 16:18:03 GMT | INFO | c10.log | Server running on port 4000 | 
Wed, 01 Dec 2021 16:18:04 GMT | INFO | c10.log | Database is connected | 
Wed, 01 Dec 2021 16:25:55 GMT | INFO | c10.log | Server running on port 4000 | 
Wed, 01 Dec 2021 16:25:58 GMT | INFO | c10.log | Database is connected | 
Wed, 01 Dec 2021 16:26:03 GMT | INFO | c10.log | Server running on port 4000 | 
Wed, 01 Dec 2021 16:26:04 GMT | INFO | c10.log | Database is connected | 
Wed, 01 Dec 2021 16:26:08 GMT | INFO | c10.log | Server running on port 4000 | 
Wed, 01 Dec 2021 16:26:09 GMT | INFO | c10.log | Database is connected | 
Wed, 01 Dec 2021 16:26:30 GMT | INFO | c10.log | Server running on port 4000 | 
Wed, 01 Dec 2021 16:26:30 GMT | INFO | c10.log | Database is connected | 
Wed, 01 Dec 2021 16:27:40 GMT | INFO | c10.log | Server running on port 4000 | 
Wed, 01 Dec 2021 16:27:42 GMT | INFO | c10.log | Database is connected | 
Wed, 01 Dec 2021 16:28:51 GMT | INFO | c10.log | Server running on port 4000 | 
Wed, 01 Dec 2021 16:28:53 GMT | INFO | c10.log | Database is connected | 
Wed, 01 Dec 2021 16:29:04 GMT | INFO | c10.log | Server running on port 4000 | 
Wed, 01 Dec 2021 16:29:05 GMT | INFO | c10.log | Database is connected | 
Wed, 01 Dec 2021 19:51:22 GMT | INFO | c10.log | Server running on port 4000 | 
Wed, 01 Dec 2021 19:51:37 GMT | INFO | c10.log | Server running on port 4000 | 
Wed, 01 Dec 2021 19:51:38 GMT | INFO | c10.log | Database is connected | 
Wed, 01 Dec 2021 19:59:06 GMT | INFO | c10.log | Server running on port 4000 | 
Wed, 01 Dec 2021 19:59:07 GMT | INFO | c10.log | Database is connected | 
Wed, 01 Dec 2021 19:59:16 GMT | INFO | c10.log | Server running on port 4000 | 
Wed, 01 Dec 2021 19:59:18 GMT | INFO | c10.log | Database is connected | 
Wed, 01 Dec 2021 19:59:46 GMT | INFO | c10.log | Server running on port 4000 | 
Wed, 01 Dec 2021 19:59:46 GMT | INFO | c10.log | Database is connected | 
Wed, 01 Dec 2021 20:00:21 GMT | INFO | c10.log | Server running on port 4000 | 
Wed, 01 Dec 2021 20:00:23 GMT | INFO | c10.log | Database is connected | 
Wed, 01 Dec 2021 20:00:46 GMT | INFO | c10.log | Server running on port 4000 | 
Wed, 01 Dec 2021 20:00:47 GMT | INFO | c10.log | Database is connected | 
Wed, 01 Dec 2021 20:00:56 GMT | INFO | c10.log | Server running on port 4000 | 
Wed, 01 Dec 2021 20:00:57 GMT | INFO | c10.log | Database is connected | 
Wed, 01 Dec 2021 20:01:20 GMT | INFO | c10.log | Server running on port 4000 | 
Wed, 01 Dec 2021 20:01:21 GMT | INFO | c10.log | Database is connected | 
Wed, 01 Dec 2021 20:01:39 GMT | INFO | c10.log | Server running on port 4000 | 
Wed, 01 Dec 2021 20:01:41 GMT | INFO | c10.log | Database is connected | 
Wed, 01 Dec 2021 20:02:11 GMT | INFO | c10.log | Server running on port 4000 | 
Wed, 01 Dec 2021 20:02:12 GMT | INFO | c10.log | Database is connected | 
Wed, 01 Dec 2021 20:04:29 GMT | INFO | c10.log | Server running on port 4000 | 
Wed, 01 Dec 2021 20:04:31 GMT | INFO | c10.log | Database is connected | 
Wed, 01 Dec 2021 21:35:38 GMT | INFO | c10.log | Server running on port 4000 | 
Wed, 01 Dec 2021 21:35:40 GMT | INFO | c10.log | Database is connected | 
Wed, 01 Dec 2021 22:26:17 GMT | INFO | c10.log | Server running on port 4000 | 
Wed, 01 Dec 2021 22:26:21 GMT | INFO | c10.log | Database is connected | 
Thu, 02 Dec 2021 00:24:49 GMT | INFO | c10.log | Server running on port 4000 | 
Thu, 02 Dec 2021 00:24:53 GMT | INFO | c10.log | Database is connected | 
Thu, 02 Dec 2021 00:42:23 GMT | INFO | c10.log | Server running on port 4000 | 
Thu, 02 Dec 2021 00:42:24 GMT | INFO | c10.log | Database is connected | 
Thu, 02 Dec 2021 00:42:29 GMT | INFO | c10.log | Server running on port 4000 | 
Thu, 02 Dec 2021 00:42:30 GMT | INFO | c10.log | Database is connected | 
Thu, 02 Dec 2021 00:43:53 GMT | INFO | c10.log | Server running on port 4000 | 
Thu, 02 Dec 2021 00:43:55 GMT | INFO | c10.log | Database is connected | 
Thu, 02 Dec 2021 00:44:52 GMT | INFO | c10.log | Server running on port 4000 | 
Thu, 02 Dec 2021 00:44:53 GMT | INFO | c10.log | Database is connected | 
Thu, 02 Dec 2021 00:44:58 GMT | INFO | c10.log | Server running on port 4000 | 
Thu, 02 Dec 2021 00:45:00 GMT | INFO | c10.log | Database is connected | 
Thu, 02 Dec 2021 00:46:17 GMT | INFO | c10.log | Server running on port 4000 | 
Thu, 02 Dec 2021 00:46:19 GMT | INFO | c10.log | Database is connected | 
Thu, 02 Dec 2021 00:46:22 GMT | INFO | c10.log | Server running on port 4000 | 
Thu, 02 Dec 2021 00:46:23 GMT | INFO | c10.log | Database is connected | 
Thu, 02 Dec 2021 01:04:02 GMT | INFO | c10.log | Server running on port 4000 | 
Thu, 02 Dec 2021 01:04:04 GMT | INFO | c10.log | Database is connected | 
Thu, 02 Dec 2021 01:04:31 GMT | INFO | c10.log | Server running on port 4000 | 
Thu, 02 Dec 2021 01:04:32 GMT | INFO | c10.log | Database is connected | 
Thu, 02 Dec 2021 01:04:53 GMT | INFO | c10.log | Server running on port 4000 | 
Thu, 02 Dec 2021 01:04:54 GMT | INFO | c10.log | Database is connected | 
Thu, 02 Dec 2021 21:48:50 GMT | INFO | c10.log | Server running on port 4000 | 
Thu, 02 Dec 2021 21:48:51 GMT | INFO | c10.log | Database is connected | 
Thu, 02 Dec 2021 21:51:07 GMT | INFO | c10.log | Server running on port 4000 | 
Thu, 02 Dec 2021 21:51:08 GMT | INFO | c10.log | Database is connected | 
Thu, 02 Dec 2021 21:51:41 GMT | INFO | c10.log | Server running on port 4000 | 
Thu, 02 Dec 2021 21:51:43 GMT | INFO | c10.log | Server running on port 4000 | 
Thu, 02 Dec 2021 21:51:43 GMT | INFO | c10.log | Database is connected | 
Thu, 02 Dec 2021 21:52:14 GMT | INFO | c10.log | Server running on port 4000 | 
Thu, 02 Dec 2021 21:52:15 GMT | INFO | c10.log | Database is connected | 
Thu, 02 Dec 2021 21:53:56 GMT | INFO | c10.log | Server running on port 4000 | 
Thu, 02 Dec 2021 21:53:58 GMT | INFO | c10.log | Database is connected | 
Thu, 02 Dec 2021 21:57:07 GMT | INFO | c10.log | Server running on port 4000 | 
Thu, 02 Dec 2021 21:57:09 GMT | INFO | c10.log | Database is connected | 
Thu, 02 Dec 2021 23:07:51 GMT | INFO | c10.log | Server running on port 4000 | 
Thu, 02 Dec 2021 23:07:53 GMT | INFO | c10.log | Database is connected | 
Thu, 02 Dec 2021 23:08:46 GMT | INFO | c10.log | Server running on port 4000 | 
Thu, 02 Dec 2021 23:08:47 GMT | INFO | c10.log | Database is connected | 
Thu, 02 Dec 2021 23:11:47 GMT | INFO | c10.log | Server running on port 4000 | 
Thu, 02 Dec 2021 23:11:48 GMT | INFO | c10.log | Database is connected | 
Tue, 21 Dec 2021 14:46:42 GMT | INFO | c10.log | Server running on port 4000 | 
Tue, 21 Dec 2021 14:46:45 GMT | INFO | c10.log | Database is connected | 
Tue, 21 Dec 2021 14:47:46 GMT | INFO | c10.log | Server running on port 4000 | 
Tue, 21 Dec 2021 14:47:47 GMT | INFO | c10.log | Database is connected | 
Tue, 21 Dec 2021 14:48:32 GMT | INFO | c10.log | Server running on port 4000 | 
Tue, 21 Dec 2021 14:48:32 GMT | INFO | c10.log | Database is connected | 
Tue, 21 Dec 2021 15:13:15 GMT | INFO | c10.log | Server running on port 4000 | 
Tue, 21 Dec 2021 15:13:16 GMT | INFO | c10.log | Database is connected | 
Tue, 21 Dec 2021 15:14:18 GMT | INFO | c10.log | Server running on port 4000 | 
Tue, 21 Dec 2021 15:14:19 GMT | INFO | c10.log | Database is connected | 
Tue, 21 Dec 2021 15:14:27 GMT | INFO | c10.log | Server running on port 4000 | 
Tue, 21 Dec 2021 15:14:28 GMT | INFO | c10.log | Database is connected | 
Tue, 21 Dec 2021 15:27:47 GMT | INFO | c10.log | Server running on port 4000 | 
Tue, 21 Dec 2021 15:27:49 GMT | INFO | c10.log | Database is connected | 
Tue, 21 Dec 2021 15:31:07 GMT | INFO | c10.log | Server running on port 4000 | 
Tue, 21 Dec 2021 15:31:08 GMT | INFO | c10.log | Database is connected | 
Tue, 21 Dec 2021 15:32:33 GMT | INFO | c10.log | Server running on port 4000 | 
Tue, 21 Dec 2021 15:32:35 GMT | INFO | c10.log | Database is connected | 
Tue, 21 Dec 2021 16:12:56 GMT | INFO | c10.log | Server running on port 4000 | 
Tue, 21 Dec 2021 16:12:58 GMT | INFO | c10.log | Database is connected | 
Tue, 21 Dec 2021 16:15:03 GMT | INFO | c10.log | Server running on port 4000 | 
Tue, 21 Dec 2021 16:15:04 GMT | INFO | c10.log | Database is connected | 
Tue, 21 Dec 2021 16:42:19 GMT | INFO | c10.log | Server running on port 4000 | 
Tue, 21 Dec 2021 16:42:21 GMT | INFO | c10.log | Database is connected | 
Tue, 21 Dec 2021 16:54:31 GMT | INFO | c10.log | Server running on port 4000 | 
Tue, 21 Dec 2021 16:54:32 GMT | INFO | c10.log | Database is connected | 
Tue, 21 Dec 2021 17:01:08 GMT | INFO | c10.log | Server running on port 4000 | 
Tue, 21 Dec 2021 17:01:09 GMT | INFO | c10.log | Database is connected | 
Tue, 21 Dec 2021 17:01:42 GMT | INFO | c10.log | Server running on port 4000 | 
Tue, 21 Dec 2021 17:01:43 GMT | INFO | c10.log | Database is connected | 
Tue, 21 Dec 2021 17:02:53 GMT | INFO | c10.log | Server running on port 4000 | 
Tue, 21 Dec 2021 17:02:56 GMT | INFO | c10.log | Database is connected | 
Tue, 21 Dec 2021 17:02:57 GMT | INFO | c10.log | Server running on port 4000 | 
Tue, 21 Dec 2021 17:02:58 GMT | INFO | c10.log | Database is connected | 
Tue, 21 Dec 2021 17:03:11 GMT | INFO | c10.log | Server running on port 4000 | 
Tue, 21 Dec 2021 17:03:11 GMT | INFO | c10.log | Database is connected | 
Tue, 21 Dec 2021 17:18:40 GMT | INFO | c10.log | Server running on port 4000 | 
Tue, 21 Dec 2021 17:18:42 GMT | INFO | c10.log | Database is connected | 
Tue, 21 Dec 2021 17:20:25 GMT | INFO | c10.log | Server running on port 4000 | 
Tue, 21 Dec 2021 17:20:27 GMT | INFO | c10.log | Database is connected | 
Tue, 21 Dec 2021 17:20:47 GMT | INFO | c10.log | Server running on port 4000 | 
Tue, 21 Dec 2021 17:20:47 GMT | INFO | c10.log | Database is connected | 
Tue, 21 Dec 2021 17:22:06 GMT | INFO | c10.log | Server running on port 4000 | 
Tue, 21 Dec 2021 17:22:07 GMT | INFO | c10.log | Database is connected | 
Tue, 21 Dec 2021 17:22:47 GMT | INFO | c10.log | Server running on port 4000 | 
Tue, 21 Dec 2021 17:22:47 GMT | INFO | c10.log | Database is connected | 
Tue, 21 Dec 2021 17:31:49 GMT | INFO | c10.log | Server running on port 4000 | 
Tue, 21 Dec 2021 17:31:52 GMT | INFO | c10.log | Database is connected | 
Tue, 21 Dec 2021 17:32:10 GMT | INFO | c10.log | Server running on port 4000 | 
Tue, 21 Dec 2021 17:32:11 GMT | INFO | c10.log | Database is connected | 
Tue, 21 Dec 2021 17:32:18 GMT | INFO | c10.log | Server running on port 4000 | 
Tue, 21 Dec 2021 17:32:18 GMT | INFO | c10.log | Database is connected | 
Tue, 21 Dec 2021 17:33:59 GMT | INFO | c10.log | Server running on port 4000 | 
Tue, 21 Dec 2021 17:34:01 GMT | INFO | c10.log | Database is connected | 
Tue, 21 Dec 2021 17:34:05 GMT | INFO | c10.log | Server running on port 4000 | 
Tue, 21 Dec 2021 17:34:05 GMT | INFO | c10.log | Database is connected | 
Tue, 21 Dec 2021 17:40:48 GMT | INFO | c10.log | Server running on port 4000 | 
Tue, 21 Dec 2021 17:40:50 GMT | INFO | c10.log | Database is connected | 
Tue, 21 Dec 2021 17:40:53 GMT | INFO | c10.log | Server running on port 4000 | 
Tue, 21 Dec 2021 17:40:54 GMT | INFO | c10.log | Database is connected | 
Tue, 21 Dec 2021 17:41:24 GMT | INFO | c10.log | Server running on port 4000 | 
Tue, 21 Dec 2021 17:41:24 GMT | INFO | c10.log | Database is connected | 
Tue, 21 Dec 2021 17:41:39 GMT | INFO | c10.log | Server running on port 4000 | 
Tue, 21 Dec 2021 17:41:39 GMT | INFO | c10.log | Database is connected | 
Tue, 21 Dec 2021 17:43:21 GMT | INFO | c10.log | Server running on port 4000 | 
Tue, 21 Dec 2021 17:43:23 GMT | INFO | c10.log | Database is connected | 
Tue, 21 Dec 2021 17:44:05 GMT | INFO | c10.log | Server running on port 4000 | 
Tue, 21 Dec 2021 17:44:06 GMT | INFO | c10.log | Database is connected | 
Tue, 21 Dec 2021 17:44:31 GMT | INFO | c10.log | Server running on port 4000 | 
Tue, 21 Dec 2021 17:44:34 GMT | INFO | c10.log | Database is connected | 
Tue, 21 Dec 2021 17:44:58 GMT | INFO | c10.log | Server running on port 4000 | 
Tue, 21 Dec 2021 17:44:59 GMT | INFO | c10.log | Database is connected | 
Tue, 21 Dec 2021 17:45:15 GMT | INFO | c10.log | Server running on port 4000 | 
Tue, 21 Dec 2021 17:45:15 GMT | INFO | c10.log | Database is connected | 
Tue, 21 Dec 2021 17:46:20 GMT | INFO | c10.log | Server running on port 4000 | 
Tue, 21 Dec 2021 17:46:21 GMT | INFO | c10.log | Server running on port 4000 | 
Tue, 21 Dec 2021 17:46:22 GMT | INFO | c10.log | Database is connected | 
Tue, 21 Dec 2021 17:48:41 GMT | INFO | c10.log | Server running on port 4000 | 
Tue, 21 Dec 2021 17:48:42 GMT | INFO | c10.log | Database is connected | 
Tue, 21 Dec 2021 17:48:49 GMT | INFO | c10.log | Server running on port 4000 | 
Tue, 21 Dec 2021 17:48:49 GMT | INFO | c10.log | Database is connected | 
Tue, 21 Dec 2021 17:50:17 GMT | INFO | c10.log | Server running on port 4000 | 
Tue, 21 Dec 2021 17:50:19 GMT | INFO | c10.log | Database is connected | 
Tue, 21 Dec 2021 17:51:11 GMT | INFO | c10.log | Server running on port 4000 | 
Tue, 21 Dec 2021 17:51:12 GMT | INFO | c10.log | Database is connected | 
Wed, 22 Dec 2021 21:48:16 GMT | INFO | c10.log | Server running on port 4000 | 
Wed, 22 Dec 2021 21:48:18 GMT | INFO | c10.log | Database is connected | 
Wed, 22 Dec 2021 21:53:07 GMT | INFO | c10.log | Server running on port 4000 | 
Wed, 22 Dec 2021 21:53:11 GMT | INFO | c10.log | Database is connected | 
Wed, 22 Dec 2021 21:53:36 GMT | INFO | c10.log | Server running on port 4000 | 
Wed, 22 Dec 2021 21:53:36 GMT | INFO | c10.log | Database is connected | 
Wed, 22 Dec 2021 22:18:26 GMT | INFO | c10.log | Server running on port 4000 | 
Wed, 22 Dec 2021 22:18:28 GMT | INFO | c10.log | Database is connected | 
Wed, 22 Dec 2021 22:21:24 GMT | INFO | c10.log | Server running on port 4000 | 
Wed, 22 Dec 2021 22:21:26 GMT | INFO | c10.log | Database is connected | 
Wed, 22 Dec 2021 22:21:54 GMT | INFO | c10.log | Server running on port 4000 | 
Wed, 22 Dec 2021 22:21:55 GMT | INFO | c10.log | Database is connected | 
Wed, 22 Dec 2021 22:22:01 GMT | INFO | c10.log | Server running on port 4000 | 
Wed, 22 Dec 2021 22:22:01 GMT | INFO | c10.log | Database is connected | 
Wed, 22 Dec 2021 22:22:08 GMT | INFO | c10.log | Server running on port 4000 | 
Wed, 22 Dec 2021 22:22:09 GMT | INFO | c10.log | Database is connected | 
Wed, 22 Dec 2021 22:48:01 GMT | INFO | c10.log | Server running on port 4000 | 
Wed, 22 Dec 2021 22:48:02 GMT | INFO | c10.log | Database is connected | 
Wed, 22 Dec 2021 22:56:18 GMT | INFO | c10.log | Server running on port 4000 | 
Wed, 22 Dec 2021 22:56:20 GMT | INFO | c10.log | Database is connected | 
Wed, 22 Dec 2021 23:01:37 GMT | INFO | c10.log | Server running on port 4000 | 
Wed, 22 Dec 2021 23:01:38 GMT | INFO | c10.log | Database is connected | 
Wed, 22 Dec 2021 23:02:03 GMT | INFO | c10.log | Server running on port 4000 | 
Wed, 22 Dec 2021 23:02:04 GMT | INFO | c10.log | Database is connected | 
Wed, 22 Dec 2021 23:02:43 GMT | INFO | c10.log | Server running on port 4000 | 
Wed, 22 Dec 2021 23:02:45 GMT | INFO | c10.log | Database is connected | 
Wed, 22 Dec 2021 23:03:09 GMT | INFO | c10.log | Server running on port 4000 | 
Wed, 22 Dec 2021 23:03:10 GMT | INFO | c10.log | Database is connected | 
Wed, 22 Dec 2021 23:21:57 GMT | INFO | c10.log | Server running on port 4000 | 
Wed, 22 Dec 2021 23:21:58 GMT | INFO | c10.log | Server running on port 4000 | 
Wed, 22 Dec 2021 23:21:59 GMT | INFO | c10.log | Database is connected | 
Wed, 22 Dec 2021 23:24:59 GMT | INFO | c10.log | Server running on port 4000 | 
Wed, 22 Dec 2021 23:25:01 GMT | INFO | c10.log | Database is connected | 
Wed, 22 Dec 2021 23:34:04 GMT | INFO | c10.log | Server running on port 4000 | 
Wed, 22 Dec 2021 23:34:06 GMT | INFO | c10.log | Database is connected | 
Wed, 22 Dec 2021 23:34:15 GMT | INFO | c10.log | Server running on port 4000 | 
Wed, 22 Dec 2021 23:34:16 GMT | INFO | c10.log | Database is connected | 
Wed, 22 Dec 2021 23:36:29 GMT | INFO | c10.log | Server running on port 4000 | 
Wed, 22 Dec 2021 23:36:31 GMT | INFO | c10.log | Database is connected | 
Wed, 22 Dec 2021 23:36:41 GMT | INFO | c10.log | Server running on port 4000 | 
Wed, 22 Dec 2021 23:36:42 GMT | INFO | c10.log | Database is connected | 
Wed, 22 Dec 2021 23:38:51 GMT | INFO | c10.log | Server running on port 4000 | 
Wed, 22 Dec 2021 23:38:53 GMT | INFO | c10.log | Database is connected | 
Wed, 22 Dec 2021 23:39:08 GMT | INFO | c10.log | Server running on port 4000 | 
Wed, 22 Dec 2021 23:39:09 GMT | INFO | c10.log | Database is connected | 
Wed, 22 Dec 2021 23:45:46 GMT | INFO | c10.log | Server running on port 4000 | 
Wed, 22 Dec 2021 23:45:48 GMT | INFO | c10.log | Database is connected | 
Wed, 22 Dec 2021 23:45:58 GMT | INFO | c10.log | Server running on port 4000 | 
Wed, 22 Dec 2021 23:45:59 GMT | INFO | c10.log | Database is connected | 
Wed, 22 Dec 2021 23:46:20 GMT | INFO | c10.log | Server running on port 4000 | 
Wed, 22 Dec 2021 23:46:21 GMT | INFO | c10.log | Server running on port 4000 | 
Wed, 22 Dec 2021 23:46:22 GMT | INFO | c10.log | Database is connected | 
Wed, 22 Dec 2021 23:47:35 GMT | INFO | c10.log | Server running on port 4000 | 
Wed, 22 Dec 2021 23:47:36 GMT | INFO | c10.log | Database is connected | 
Wed, 22 Dec 2021 23:47:43 GMT | INFO | c10.log | Server running on port 4000 | 
Wed, 22 Dec 2021 23:47:44 GMT | INFO | c10.log | Database is connected | 
Wed, 22 Dec 2021 23:47:51 GMT | INFO | c10.log | Server running on port 4000 | 
Wed, 22 Dec 2021 23:47:52 GMT | INFO | c10.log | Database is connected | 
Wed, 22 Dec 2021 23:48:01 GMT | INFO | c10.log | Server running on port 4000 | 
Wed, 22 Dec 2021 23:48:01 GMT | INFO | c10.log | Database is connected | 
Wed, 22 Dec 2021 23:52:53 GMT | INFO | c10.log | Server running on port 4000 | 
Wed, 22 Dec 2021 23:52:55 GMT | INFO | c10.log | Database is connected | 
Wed, 22 Dec 2021 23:53:58 GMT | INFO | c10.log | Server running on port 4000 | 
Wed, 22 Dec 2021 23:54:00 GMT | INFO | c10.log | Server running on port 4000 | 
Wed, 22 Dec 2021 23:54:01 GMT | INFO | c10.log | Database is connected | 
Thu, 23 Dec 2021 19:20:03 GMT | INFO | c10.log | Server running on port 4000 | 
Thu, 23 Dec 2021 19:20:05 GMT | INFO | c10.log | Database is connected | 
Thu, 23 Dec 2021 19:55:50 GMT | INFO | c10.log | Server running on port 4000 | 
Thu, 23 Dec 2021 19:55:55 GMT | INFO | c10.log | Database is connected | 
Thu, 23 Dec 2021 20:04:14 GMT | INFO | c10.log | Server running on port 4000 | 
Thu, 23 Dec 2021 20:04:15 GMT | INFO | c10.log | Database is connected | 
Thu, 23 Dec 2021 20:04:38 GMT | INFO | c10.log | Server running on port 4000 | 
Thu, 23 Dec 2021 20:04:39 GMT | INFO | c10.log | Database is connected | 
Thu, 23 Dec 2021 20:05:03 GMT | INFO | c10.log | Server running on port 4000 | 
Thu, 23 Dec 2021 20:05:04 GMT | INFO | c10.log | Database is connected | 
Thu, 23 Dec 2021 20:10:25 GMT | INFO | c10.log | Server running on port 4000 | 
Thu, 23 Dec 2021 20:10:26 GMT | INFO | c10.log | Database is connected | 
Thu, 23 Dec 2021 20:10:53 GMT | INFO | c10.log | Server running on port 4000 | 
Thu, 23 Dec 2021 20:10:54 GMT | INFO | c10.log | Database is connected | 
Thu, 23 Dec 2021 20:16:14 GMT | INFO | c10.log | Server running on port 4000 | 
Thu, 23 Dec 2021 20:16:15 GMT | INFO | c10.log | Database is connected | 
Thu, 23 Dec 2021 20:21:31 GMT | INFO | c10.log | Server running on port 4000 | 
Thu, 23 Dec 2021 20:21:33 GMT | INFO | c10.log | Database is connected | 
Thu, 23 Dec 2021 20:21:54 GMT | INFO | c10.log | Server running on port 4000 | 
Thu, 23 Dec 2021 20:21:55 GMT | INFO | c10.log | Database is connected | 
Thu, 23 Dec 2021 20:21:56 GMT | INFO | c10.log | Server running on port 4000 | 
Thu, 23 Dec 2021 20:21:57 GMT | INFO | c10.log | Database is connected | 
Thu, 23 Dec 2021 20:22:06 GMT | INFO | c10.log | Server running on port 4000 | 
Thu, 23 Dec 2021 20:22:07 GMT | INFO | c10.log | Database is connected | 
Thu, 23 Dec 2021 20:22:33 GMT | INFO | c10.log | Server running on port 4000 | 
Thu, 23 Dec 2021 20:22:34 GMT | INFO | c10.log | Database is connected | 
Thu, 23 Dec 2021 20:22:36 GMT | INFO | c10.log | Server running on port 4000 | 
Thu, 23 Dec 2021 20:22:37 GMT | INFO | c10.log | Database is connected | 
Thu, 23 Dec 2021 20:22:54 GMT | INFO | c10.log | Server running on port 4000 | 
Thu, 23 Dec 2021 20:22:55 GMT | INFO | c10.log | Database is connected | 
Thu, 23 Dec 2021 20:23:01 GMT | INFO | c10.log | Server running on port 4000 | 
Thu, 23 Dec 2021 20:23:02 GMT | INFO | c10.log | Database is connected | 
Thu, 23 Dec 2021 20:23:31 GMT | INFO | c10.log | Server running on port 4000 | 
Thu, 23 Dec 2021 20:23:32 GMT | INFO | c10.log | Database is connected | 
Thu, 23 Dec 2021 21:05:14 GMT | INFO | c10.log | Server running on port 4000 | 
Thu, 23 Dec 2021 21:05:16 GMT | INFO | c10.log | Server running on port 4000 | 
Thu, 23 Dec 2021 21:05:17 GMT | INFO | c10.log | Database is connected | 
Thu, 23 Dec 2021 21:05:37 GMT | INFO | c10.log | Server running on port 4000 | 
Thu, 23 Dec 2021 21:05:38 GMT | INFO | c10.log | Database is connected | 
Thu, 23 Dec 2021 21:05:43 GMT | INFO | c10.log | Server running on port 4000 | 
Thu, 23 Dec 2021 21:05:43 GMT | INFO | c10.log | Database is connected | 
Thu, 23 Dec 2021 21:05:46 GMT | INFO | c10.log | Server running on port 4000 | 
Thu, 23 Dec 2021 21:05:46 GMT | INFO | c10.log | Database is connected | 
Thu, 23 Dec 2021 21:07:55 GMT | INFO | c10.log | Server running on port 4000 | 
Thu, 23 Dec 2021 21:07:56 GMT | INFO | c10.log | Database is connected | 
Thu, 23 Dec 2021 21:08:15 GMT | INFO | c10.log | Server running on port 4000 | 
Thu, 23 Dec 2021 21:08:15 GMT | INFO | c10.log | Database is connected | 
Thu, 23 Dec 2021 21:08:35 GMT | INFO | c10.log | Server running on port 4000 | 
Thu, 23 Dec 2021 21:08:36 GMT | INFO | c10.log | Database is connected | 
Thu, 23 Dec 2021 21:08:48 GMT | INFO | c10.log | Server running on port 4000 | 
Thu, 23 Dec 2021 21:08:49 GMT | INFO | c10.log | Database is connected | 
Thu, 23 Dec 2021 21:09:13 GMT | INFO | c10.log | Server running on port 4000 | 
Thu, 23 Dec 2021 21:09:16 GMT | INFO | c10.log | Database is connected | 
Thu, 23 Dec 2021 21:17:07 GMT | INFO | c10.log | Server running on port 4000 | 
Thu, 23 Dec 2021 21:17:08 GMT | INFO | c10.log | Database is connected | 
Thu, 23 Dec 2021 21:17:43 GMT | INFO | c10.log | Server running on port 4000 | 
Thu, 23 Dec 2021 21:17:44 GMT | INFO | c10.log | Database is connected | 
Thu, 23 Dec 2021 21:18:11 GMT | INFO | c10.log | Server running on port 4000 | 
Thu, 23 Dec 2021 21:18:12 GMT | INFO | c10.log | Database is connected | 
Thu, 23 Dec 2021 21:21:21 GMT | INFO | c10.log | Server running on port 4000 | 
Thu, 23 Dec 2021 21:21:24 GMT | INFO | c10.log | Database is connected | 
Thu, 23 Dec 2021 21:21:39 GMT | INFO | c10.log | Server running on port 4000 | 
Thu, 23 Dec 2021 21:21:39 GMT | INFO | c10.log | Database is connected | 
Thu, 23 Dec 2021 21:21:52 GMT | INFO | c10.log | Server running on port 4000 | 
Thu, 23 Dec 2021 21:21:53 GMT | INFO | c10.log | Database is connected | 
Thu, 23 Dec 2021 21:22:41 GMT | INFO | c10.log | Server running on port 4000 | 
Thu, 23 Dec 2021 21:22:43 GMT | INFO | c10.log | Server running on port 4000 | 
Thu, 23 Dec 2021 21:22:44 GMT | INFO | c10.log | Database is connected | 
Thu, 23 Dec 2021 21:24:21 GMT | INFO | c10.log | Server running on port 4000 | 
Thu, 23 Dec 2021 21:24:23 GMT | INFO | c10.log | Database is connected | 
Thu, 23 Dec 2021 21:24:27 GMT | INFO | c10.log | Server running on port 4000 | 
Thu, 23 Dec 2021 21:24:28 GMT | INFO | c10.log | Database is connected | 
Thu, 23 Dec 2021 21:25:36 GMT | INFO | c10.log | Server running on port 4000 | 
Thu, 23 Dec 2021 21:25:37 GMT | INFO | c10.log | Database is connected | 
Thu, 23 Dec 2021 21:26:08 GMT | INFO | c10.log | Server running on port 4000 | 
Thu, 23 Dec 2021 21:26:08 GMT | INFO | c10.log | Database is connected | 
Thu, 23 Dec 2021 21:26:12 GMT | INFO | c10.log | Server running on port 4000 | 
Thu, 23 Dec 2021 21:26:12 GMT | INFO | c10.log | Database is connected | 
Thu, 23 Dec 2021 21:26:18 GMT | INFO | c10.log | Server running on port 4000 | 
Thu, 23 Dec 2021 21:26:18 GMT | INFO | c10.log | Database is connected | 
Thu, 23 Dec 2021 21:27:09 GMT | INFO | c10.log | Server running on port 4000 | 
Thu, 23 Dec 2021 21:27:11 GMT | INFO | c10.log | Database is connected | 
Thu, 23 Dec 2021 21:29:41 GMT | INFO | c10.log | Server running on port 4000 | 
Thu, 23 Dec 2021 21:29:43 GMT | INFO | c10.log | Database is connected | 
Thu, 23 Dec 2021 21:32:18 GMT | INFO | c10.log | Server running on port 4000 | 
Thu, 23 Dec 2021 21:32:20 GMT | INFO | c10.log | Database is connected | 
Thu, 23 Dec 2021 21:32:37 GMT | INFO | c10.log | Server running on port 4000 | 
Thu, 23 Dec 2021 21:32:37 GMT | INFO | c10.log | Database is connected | 
Thu, 23 Dec 2021 21:34:13 GMT | INFO | c10.log | Server running on port 4000 | 
Thu, 23 Dec 2021 21:34:14 GMT | INFO | c10.log | Database is connected | 
Thu, 23 Dec 2021 21:34:28 GMT | INFO | c10.log | Server running on port 4000 | 
Thu, 23 Dec 2021 21:34:29 GMT | INFO | c10.log | Database is connected | 
Thu, 23 Dec 2021 21:35:23 GMT | INFO | c10.log | Server running on port 4000 | 
Thu, 23 Dec 2021 21:35:24 GMT | INFO | c10.log | Database is connected | 
Thu, 23 Dec 2021 21:35:33 GMT | INFO | c10.log | Server running on port 4000 | 
Thu, 23 Dec 2021 21:35:34 GMT | INFO | c10.log | Database is connected | 
Thu, 23 Dec 2021 21:36:28 GMT | INFO | c10.log | Server running on port 4000 | 
Thu, 23 Dec 2021 21:36:30 GMT | INFO | c10.log | Database is connected | 
Thu, 23 Dec 2021 21:37:32 GMT | INFO | c10.log | Server running on port 4000 | 
Thu, 23 Dec 2021 21:37:33 GMT | INFO | c10.log | Database is connected | 
Thu, 23 Dec 2021 21:38:20 GMT | INFO | c10.log | Server running on port 4000 | 
Thu, 23 Dec 2021 21:38:21 GMT | INFO | c10.log | Database is connected | 
Thu, 23 Dec 2021 21:38:52 GMT | INFO | c10.log | Server running on port 4000 | 
Thu, 23 Dec 2021 21:38:53 GMT | INFO | c10.log | Database is connected | 
Thu, 23 Dec 2021 21:38:56 GMT | INFO | c10.log | Server running on port 4000 | 
Thu, 23 Dec 2021 21:38:57 GMT | INFO | c10.log | Database is connected | 
Thu, 23 Dec 2021 21:39:03 GMT | INFO | c10.log | Server running on port 4000 | 
Thu, 23 Dec 2021 21:39:04 GMT | INFO | c10.log | Database is connected | 
Thu, 23 Dec 2021 21:39:14 GMT | INFO | c10.log | Server running on port 4000 | 
Thu, 23 Dec 2021 21:39:14 GMT | INFO | c10.log | Database is connected | 
Thu, 23 Dec 2021 21:44:48 GMT | INFO | c10.log | Server running on port 4000 | 
Thu, 23 Dec 2021 21:44:49 GMT | INFO | c10.log | Database is connected | 
Thu, 23 Dec 2021 21:45:15 GMT | INFO | c10.log | Server running on port 4000 | 
Thu, 23 Dec 2021 21:45:16 GMT | INFO | c10.log | Database is connected | 
Thu, 23 Dec 2021 21:45:49 GMT | INFO | c10.log | Server running on port 4000 | 
Thu, 23 Dec 2021 21:45:50 GMT | INFO | c10.log | Database is connected | 
Thu, 23 Dec 2021 21:46:17 GMT | INFO | c10.log | Server running on port 4000 | 
Thu, 23 Dec 2021 21:46:18 GMT | INFO | c10.log | Database is connected | 
Thu, 23 Dec 2021 21:49:10 GMT | INFO | c10.log | Server running on port 4000 | 
Thu, 23 Dec 2021 21:49:11 GMT | INFO | c10.log | Database is connected | 
Thu, 23 Dec 2021 21:49:46 GMT | INFO | c10.log | Server running on port 4000 | 
Thu, 23 Dec 2021 21:49:47 GMT | INFO | c10.log | Database is connected | 
Thu, 23 Dec 2021 21:50:26 GMT | INFO | c10.log | Server running on port 4000 | 
Thu, 23 Dec 2021 21:50:29 GMT | INFO | c10.log | Database is connected | 
Thu, 23 Dec 2021 21:51:52 GMT | INFO | c10.log | Server running on port 4000 | 
Thu, 23 Dec 2021 21:51:53 GMT | INFO | c10.log | Database is connected | 
Thu, 23 Dec 2021 21:52:42 GMT | INFO | c10.log | Server running on port 4000 | 
Thu, 23 Dec 2021 21:52:43 GMT | INFO | c10.log | Database is connected | 
Thu, 23 Dec 2021 21:52:47 GMT | INFO | c10.log | Server running on port 4000 | 
Thu, 23 Dec 2021 21:52:47 GMT | INFO | c10.log | Database is connected | 
Thu, 23 Dec 2021 21:52:58 GMT | INFO | c10.log | Server running on port 4000 | 
Thu, 23 Dec 2021 21:53:00 GMT | INFO | c10.log | Database is connected | 
Thu, 23 Dec 2021 21:53:07 GMT | INFO | c10.log | Server running on port 4000 | 
Thu, 23 Dec 2021 21:53:07 GMT | INFO | c10.log | Database is connected | 
Thu, 23 Dec 2021 21:54:56 GMT | INFO | c10.log | Server running on port 4000 | 
Thu, 23 Dec 2021 21:54:58 GMT | INFO | c10.log | Database is connected | 
Thu, 23 Dec 2021 23:22:36 GMT | INFO | c10.log | Server running on port 4000 | 
Thu, 23 Dec 2021 23:22:39 GMT | INFO | c10.log | Database is connected | 
Thu, 23 Dec 2021 23:23:08 GMT | INFO | c10.log | Server running on port 4000 | 
Thu, 23 Dec 2021 23:23:09 GMT | INFO | c10.log | Database is connected | 
Thu, 23 Dec 2021 23:23:47 GMT | INFO | c10.log | Server running on port 4000 | 
Thu, 23 Dec 2021 23:23:50 GMT | INFO | c10.log | Database is connected | 
Thu, 23 Dec 2021 23:42:33 GMT | INFO | c10.log | Server running on port 4000 | 
Thu, 23 Dec 2021 23:42:35 GMT | INFO | c10.log | Database is connected | 
Thu, 23 Dec 2021 23:50:28 GMT | INFO | c10.log | Server running on port 4000 | 
Thu, 23 Dec 2021 23:50:30 GMT | INFO | c10.log | Database is connected | 
Thu, 23 Dec 2021 23:50:47 GMT | INFO | c10.log | Server running on port 4000 | 
Thu, 23 Dec 2021 23:50:48 GMT | INFO | c10.log | Database is connected | 
Thu, 23 Dec 2021 23:51:06 GMT | INFO | c10.log | Server running on port 4000 | 
Thu, 23 Dec 2021 23:51:07 GMT | INFO | c10.log | Database is connected | 
Thu, 23 Dec 2021 23:51:29 GMT | INFO | c10.log | Server running on port 4000 | 
Thu, 23 Dec 2021 23:51:30 GMT | INFO | c10.log | Database is connected | 
Thu, 23 Dec 2021 23:51:33 GMT | INFO | c10.log | Server running on port 4000 | 
Thu, 23 Dec 2021 23:51:34 GMT | INFO | c10.log | Database is connected | 
Thu, 23 Dec 2021 23:51:38 GMT | INFO | c10.log | Server running on port 4000 | 
Thu, 23 Dec 2021 23:51:38 GMT | INFO | c10.log | Database is connected | 
Thu, 23 Dec 2021 23:51:42 GMT | INFO | c10.log | Server running on port 4000 | 
Thu, 23 Dec 2021 23:51:43 GMT | INFO | c10.log | Database is connected | 
Thu, 23 Dec 2021 23:51:48 GMT | INFO | c10.log | Server running on port 4000 | 
Thu, 23 Dec 2021 23:51:49 GMT | INFO | c10.log | Database is connected | 
Thu, 23 Dec 2021 23:51:52 GMT | INFO | c10.log | Server running on port 4000 | 
Thu, 23 Dec 2021 23:51:53 GMT | INFO | c10.log | Database is connected | 
Thu, 23 Dec 2021 23:51:55 GMT | INFO | c10.log | Server running on port 4000 | 
Thu, 23 Dec 2021 23:51:57 GMT | INFO | c10.log | Server running on port 4000 | 
Thu, 23 Dec 2021 23:51:57 GMT | INFO | c10.log | Database is connected | 
Fri, 24 Dec 2021 00:23:08 GMT | INFO | c10.log | Server running on port 4000 | 
Fri, 24 Dec 2021 00:23:09 GMT | INFO | c10.log | Database is connected | 
Fri, 24 Dec 2021 00:24:23 GMT | INFO | c10.log | Server running on port 4000 | 
Fri, 24 Dec 2021 00:24:24 GMT | INFO | c10.log | Database is connected | 
Fri, 24 Dec 2021 00:24:55 GMT | INFO | c10.log | Server running on port 4000 | 
Fri, 24 Dec 2021 00:24:56 GMT | INFO | c10.log | Database is connected | 
Fri, 24 Dec 2021 00:25:01 GMT | INFO | c10.log | Server running on port 4000 | 
Fri, 24 Dec 2021 00:25:02 GMT | INFO | c10.log | Database is connected | 
Fri, 24 Dec 2021 00:25:04 GMT | INFO | c10.log | Server running on port 4000 | 
Fri, 24 Dec 2021 00:25:05 GMT | INFO | c10.log | Database is connected | 
Fri, 24 Dec 2021 00:25:12 GMT | INFO | c10.log | Server running on port 4000 | 
Fri, 24 Dec 2021 00:25:13 GMT | INFO | c10.log | Database is connected | 
Fri, 24 Dec 2021 00:25:24 GMT | INFO | c10.log | Server running on port 4000 | 
Fri, 24 Dec 2021 00:25:26 GMT | INFO | c10.log | Database is connected | 
Fri, 24 Dec 2021 00:25:28 GMT | INFO | c10.log | Server running on port 4000 | 
Fri, 24 Dec 2021 00:25:28 GMT | INFO | c10.log | Database is connected | 
Fri, 24 Dec 2021 00:25:39 GMT | INFO | c10.log | Server running on port 4000 | 
Fri, 24 Dec 2021 00:25:39 GMT | INFO | c10.log | Database is connected | 
Fri, 24 Dec 2021 00:26:02 GMT | INFO | c10.log | Server running on port 4000 | 
Fri, 24 Dec 2021 00:26:03 GMT | INFO | c10.log | Database is connected | 
Fri, 24 Dec 2021 00:26:10 GMT | INFO | c10.log | Server running on port 4000 | 
Fri, 24 Dec 2021 00:26:10 GMT | INFO | c10.log | Database is connected | 
Fri, 24 Dec 2021 00:26:57 GMT | INFO | c10.log | Server running on port 4000 | 
Fri, 24 Dec 2021 00:26:59 GMT | INFO | c10.log | Database is connected | 
Fri, 24 Dec 2021 00:38:11 GMT | INFO | c10.log | Server running on port 4000 | 
Fri, 24 Dec 2021 00:38:13 GMT | INFO | c10.log | Database is connected | 
Fri, 24 Dec 2021 00:40:22 GMT | INFO | c10.log | Server running on port 4000 | 
Fri, 24 Dec 2021 00:40:24 GMT | INFO | c10.log | Database is connected | 
Fri, 24 Dec 2021 00:41:36 GMT | INFO | c10.log | Server running on port 4000 | 
Fri, 24 Dec 2021 00:41:38 GMT | INFO | c10.log | Database is connected | 
Fri, 24 Dec 2021 00:42:30 GMT | INFO | c10.log | Server running on port 4000 | 
Fri, 24 Dec 2021 00:42:31 GMT | INFO | c10.log | Database is connected | 
Mon, 27 Dec 2021 20:14:28 GMT | INFO | c10.log | Server running on port 4000 | 
Mon, 27 Dec 2021 20:14:30 GMT | INFO | c10.log | Database is connected | 
Mon, 27 Dec 2021 21:05:38 GMT | INFO | c10.log | Server running on port 4000 | 
Mon, 27 Dec 2021 21:05:40 GMT | INFO | c10.log | Database is connected | 
Mon, 27 Dec 2021 21:34:21 GMT | INFO | c10.log | Server running on port 4000 | 
Mon, 27 Dec 2021 21:34:22 GMT | INFO | c10.log | Database is connected | 
Mon, 27 Dec 2021 21:37:51 GMT | INFO | c10.log | Server running on port 4000 | 
Mon, 27 Dec 2021 21:37:52 GMT | INFO | c10.log | Database is connected | 
Mon, 27 Dec 2021 21:49:23 GMT | INFO | c10.log | Server running on port 4000 | 
Mon, 27 Dec 2021 21:49:25 GMT | INFO | c10.log | Database is connected | 
Mon, 27 Dec 2021 21:49:44 GMT | INFO | c10.log | Server running on port 4000 | 
Mon, 27 Dec 2021 21:49:45 GMT | INFO | c10.log | Database is connected | 
Mon, 27 Dec 2021 21:50:39 GMT | INFO | c10.log | Server running on port 4000 | 
Mon, 27 Dec 2021 21:50:41 GMT | INFO | c10.log | Database is connected | 
Mon, 27 Dec 2021 21:51:02 GMT | INFO | c10.log | Server running on port 4000 | 
Mon, 27 Dec 2021 21:51:03 GMT | INFO | c10.log | Database is connected | 
Mon, 27 Dec 2021 21:55:38 GMT | INFO | c10.log | Server running on port 4000 | 
Mon, 27 Dec 2021 21:55:41 GMT | INFO | c10.log | Database is connected | 
Mon, 27 Dec 2021 21:55:47 GMT | INFO | c10.log | Server running on port 4000 | 
Mon, 27 Dec 2021 21:55:48 GMT | INFO | c10.log | Database is connected | 
Mon, 27 Dec 2021 21:56:22 GMT | INFO | c10.log | Server running on port 4000 | 
Mon, 27 Dec 2021 21:56:23 GMT | INFO | c10.log | Database is connected | 
Mon, 27 Dec 2021 21:56:42 GMT | INFO | c10.log | Server running on port 4000 | 
Mon, 27 Dec 2021 21:56:44 GMT | INFO | c10.log | Database is connected | 
Mon, 27 Dec 2021 21:56:46 GMT | INFO | c10.log | Server running on port 4000 | 
Mon, 27 Dec 2021 21:56:47 GMT | INFO | c10.log | Database is connected | 
Mon, 27 Dec 2021 21:58:00 GMT | INFO | c10.log | Server running on port 4000 | 
Mon, 27 Dec 2021 21:58:01 GMT | INFO | c10.log | Server running on port 4000 | 
Mon, 27 Dec 2021 21:58:02 GMT | INFO | c10.log | Database is connected | 
Mon, 27 Dec 2021 21:58:16 GMT | INFO | c10.log | Server running on port 4000 | 
Mon, 27 Dec 2021 21:58:17 GMT | INFO | c10.log | Database is connected | 
Mon, 27 Dec 2021 21:58:20 GMT | INFO | c10.log | Server running on port 4000 | 
Mon, 27 Dec 2021 21:58:20 GMT | INFO | c10.log | Database is connected | 
Mon, 27 Dec 2021 21:58:26 GMT | INFO | c10.log | Server running on port 4000 | 
Mon, 27 Dec 2021 21:58:27 GMT | INFO | c10.log | Database is connected | 
Mon, 27 Dec 2021 22:00:27 GMT | INFO | c10.log | Server running on port 4000 | 
Mon, 27 Dec 2021 22:00:30 GMT | INFO | c10.log | Database is connected | 
Mon, 27 Dec 2021 22:02:30 GMT | INFO | c10.log | Server running on port 4000 | 
Mon, 27 Dec 2021 22:02:33 GMT | INFO | c10.log | Database is connected | 
Mon, 27 Dec 2021 22:04:00 GMT | INFO | c10.log | Server running on port 4000 | 
Mon, 27 Dec 2021 22:04:02 GMT | INFO | c10.log | Database is connected | 
Mon, 27 Dec 2021 22:19:09 GMT | INFO | c10.log | Server running on port 4000 | 
Mon, 27 Dec 2021 22:19:10 GMT | INFO | c10.log | Database is connected | 
Mon, 27 Dec 2021 22:21:03 GMT | INFO | c10.log | Server running on port 4000 | 
Mon, 27 Dec 2021 22:21:04 GMT | INFO | c10.log | Database is connected | 
Mon, 27 Dec 2021 22:23:22 GMT | INFO | c10.log | Server running on port 4000 | 
Mon, 27 Dec 2021 22:23:24 GMT | INFO | c10.log | Database is connected | 
Mon, 27 Dec 2021 22:25:38 GMT | INFO | c10.log | Server running on port 4000 | 
Mon, 27 Dec 2021 22:25:40 GMT | INFO | c10.log | Database is connected | 
Mon, 27 Dec 2021 22:26:41 GMT | INFO | c10.log | Server running on port 4000 | 
Mon, 27 Dec 2021 22:26:43 GMT | INFO | c10.log | Database is connected | 
Mon, 27 Dec 2021 22:27:14 GMT | INFO | c10.log | Server running on port 4000 | 
Mon, 27 Dec 2021 22:27:16 GMT | INFO | c10.log | Server running on port 4000 | 
Mon, 27 Dec 2021 22:27:17 GMT | INFO | c10.log | Database is connected | 
Mon, 27 Dec 2021 22:27:44 GMT | INFO | c10.log | Server running on port 4000 | 
Mon, 27 Dec 2021 22:27:45 GMT | INFO | c10.log | Database is connected | 
Mon, 27 Dec 2021 22:28:39 GMT | INFO | c10.log | Server running on port 4000 | 
Mon, 27 Dec 2021 22:28:40 GMT | INFO | c10.log | Database is connected | 
Mon, 27 Dec 2021 22:29:11 GMT | INFO | c10.log | Server running on port 4000 | 
Mon, 27 Dec 2021 22:29:13 GMT | INFO | c10.log | Database is connected | 
Mon, 27 Dec 2021 22:29:15 GMT | INFO | c10.log | Server running on port 4000 | 
Mon, 27 Dec 2021 22:29:15 GMT | INFO | c10.log | Database is connected | 
Mon, 27 Dec 2021 22:30:22 GMT | INFO | c10.log | Server running on port 4000 | 
Mon, 27 Dec 2021 22:30:24 GMT | INFO | c10.log | Database is connected | 
Mon, 27 Dec 2021 22:31:07 GMT | INFO | c10.log | Server running on port 4000 | 
Mon, 27 Dec 2021 22:31:07 GMT | INFO | c10.log | Database is connected | 
Mon, 27 Dec 2021 22:31:09 GMT | INFO | c10.log | Server running on port 4000 | 
Mon, 27 Dec 2021 22:31:10 GMT | INFO | c10.log | Database is connected | 
Mon, 27 Dec 2021 22:31:12 GMT | INFO | c10.log | Server running on port 4000 | 
Mon, 27 Dec 2021 22:31:13 GMT | INFO | c10.log | Database is connected | 
Mon, 27 Dec 2021 22:31:56 GMT | INFO | c10.log | Server running on port 4000 | 
Mon, 27 Dec 2021 22:31:59 GMT | INFO | c10.log | Database is connected | 
Mon, 27 Dec 2021 22:37:05 GMT | INFO | c10.log | Server running on port 4000 | 
Mon, 27 Dec 2021 22:37:06 GMT | INFO | c10.log | Database is connected | 
Mon, 27 Dec 2021 22:42:46 GMT | INFO | c10.log | Server running on port 4000 | 
Mon, 27 Dec 2021 22:42:47 GMT | INFO | c10.log | Database is connected | 
Mon, 27 Dec 2021 22:42:53 GMT | INFO | c10.log | Server running on port 4000 | 
Mon, 27 Dec 2021 22:42:53 GMT | INFO | c10.log | Database is connected | 
Mon, 27 Dec 2021 22:42:57 GMT | INFO | c10.log | Server running on port 4000 | 
Mon, 27 Dec 2021 22:42:58 GMT | INFO | c10.log | Database is connected | 
Mon, 27 Dec 2021 22:43:07 GMT | INFO | c10.log | Server running on port 4000 | 
Mon, 27 Dec 2021 22:43:08 GMT | INFO | c10.log | Database is connected | 
Mon, 27 Dec 2021 22:47:53 GMT | INFO | c10.log | Server running on port 4000 | 
Mon, 27 Dec 2021 22:47:56 GMT | INFO | c10.log | Database is connected | 
Mon, 27 Dec 2021 22:48:04 GMT | INFO | c10.log | Server running on port 4000 | 
Mon, 27 Dec 2021 22:48:05 GMT | INFO | c10.log | Database is connected | 
Mon, 27 Dec 2021 22:48:07 GMT | INFO | c10.log | Server running on port 4000 | 
Mon, 27 Dec 2021 22:48:08 GMT | INFO | c10.log | Database is connected | 
Mon, 27 Dec 2021 22:48:29 GMT | INFO | c10.log | Server running on port 4000 | 
Mon, 27 Dec 2021 22:48:30 GMT | INFO | c10.log | Database is connected | 
Mon, 27 Dec 2021 22:48:59 GMT | INFO | c10.log | Server running on port 4000 | 
Mon, 27 Dec 2021 22:49:00 GMT | INFO | c10.log | Database is connected | 
Mon, 27 Dec 2021 22:49:02 GMT | INFO | c10.log | Server running on port 4000 | 
Mon, 27 Dec 2021 22:49:03 GMT | INFO | c10.log | Database is connected | 
Mon, 27 Dec 2021 22:49:19 GMT | INFO | c10.log | Server running on port 4000 | 
Mon, 27 Dec 2021 22:49:20 GMT | INFO | c10.log | Database is connected | 
Mon, 27 Dec 2021 22:49:41 GMT | INFO | c10.log | Server running on port 4000 | 
Mon, 27 Dec 2021 22:49:41 GMT | INFO | c10.log | Database is connected | 
Mon, 27 Dec 2021 22:49:43 GMT | INFO | c10.log | Server running on port 4000 | 
Mon, 27 Dec 2021 22:49:43 GMT | INFO | c10.log | Database is connected | 
Mon, 27 Dec 2021 22:59:59 GMT | INFO | c10.log | Server running on port 4000 | 
Mon, 27 Dec 2021 23:00:02 GMT | INFO | c10.log | Database is connected | 
Mon, 27 Dec 2021 23:11:33 GMT | INFO | c10.log | Server running on port 4000 | 
Mon, 27 Dec 2021 23:11:36 GMT | INFO | c10.log | Database is connected | 
Mon, 27 Dec 2021 23:12:44 GMT | INFO | c10.log | Server running on port 4000 | 
Mon, 27 Dec 2021 23:12:46 GMT | INFO | c10.log | Database is connected | 
Mon, 27 Dec 2021 23:14:01 GMT | INFO | c10.log | Server running on port 4000 | 
Mon, 27 Dec 2021 23:14:03 GMT | INFO | c10.log | Database is connected | 
Mon, 27 Dec 2021 23:14:06 GMT | INFO | c10.log | Server running on port 4000 | 
Mon, 27 Dec 2021 23:14:07 GMT | INFO | c10.log | Database is connected | 
Mon, 27 Dec 2021 23:14:12 GMT | INFO | c10.log | Server running on port 4000 | 
Mon, 27 Dec 2021 23:14:13 GMT | INFO | c10.log | Database is connected | 
Tue, 04 Jan 2022 14:02:12 GMT | INFO | c10.log | Server running on port 4000 | 
Tue, 04 Jan 2022 14:02:13 GMT | INFO | c10.log | Database is connected | 
Tue, 04 Jan 2022 14:03:11 GMT | INFO | c10.log | Server running on port 4000 | 
Tue, 04 Jan 2022 14:03:11 GMT | INFO | c10.log | Database is connected | 
Tue, 04 Jan 2022 14:03:13 GMT | INFO | c10.log | Server running on port 4000 | 
Tue, 04 Jan 2022 14:03:15 GMT | INFO | c10.log | Database is connected | 
Tue, 04 Jan 2022 14:03:17 GMT | INFO | c10.log | Server running on port 4000 | 
Tue, 04 Jan 2022 14:03:18 GMT | INFO | c10.log | Database is connected | 
Tue, 04 Jan 2022 14:03:21 GMT | INFO | c10.log | Server running on port 4000 | 
Tue, 04 Jan 2022 14:03:22 GMT | INFO | c10.log | Database is connected | 
Fri, 01 Apr 2022 14:36:51 GMT | INFO | c10.log | Server running on port 4000 | 
Fri, 01 Apr 2022 14:36:53 GMT | INFO | c10.log | Database is connected | 
Wed, 06 Apr 2022 00:11:31 GMT | INFO | c10.log | Server running on port 4000 | 
Wed, 06 Apr 2022 00:11:33 GMT | ERROR | c10.log | Error: queryTxt ESERVFAIL cluster0.ngaxt.mongodb.net | 
Wed, 06 Apr 2022 00:11:39 GMT | INFO | c10.log | Server running on port 4000 | 
Wed, 06 Apr 2022 00:11:39 GMT | ERROR | c10.log | Error: queryTxt ESERVFAIL cluster0.ngaxt.mongodb.net | 
Wed, 06 Apr 2022 00:11:43 GMT | INFO | c10.log | Server running on port 4000 | 
Wed, 06 Apr 2022 00:11:47 GMT | INFO | c10.log | Database is connected | 
Wed, 06 Apr 2022 00:17:01 GMT | INFO | c10.log | Server running on port 4000 | 
Wed, 06 Apr 2022 00:17:01 GMT | ERROR | c10.log | Error: queryTxt ESERVFAIL cluster0.ngaxt.mongodb.net | 
Thu, 07 Apr 2022 19:16:09 GMT | INFO | c10.log | Server running on port 4000 | 
Thu, 07 Apr 2022 19:16:11 GMT | INFO | c10.log | Database is connected | 
Thu, 07 Apr 2022 19:17:25 GMT | INFO | c10.log | Server running on port 4000 | 
Thu, 07 Apr 2022 19:17:28 GMT | INFO | c10.log | Database is connected | 
Thu, 07 Apr 2022 19:21:28 GMT | INFO | c10.log | Server running on port 5000 | 
Thu, 07 Apr 2022 19:21:29 GMT | INFO | c10.log | Database is connected | 
Thu, 07 Apr 2022 19:22:39 GMT | INFO | c10.log | Server running on port 4002 | 
Thu, 07 Apr 2022 19:22:40 GMT | INFO | c10.log | Database is connected | 
Thu, 07 Apr 2022 19:28:09 GMT | INFO | c10.log | Server running on port 4002 | 
Thu, 07 Apr 2022 19:28:11 GMT | INFO | c10.log | Database is connected | 
Thu, 07 Apr 2022 19:36:34 GMT | INFO | c10.log | Server running on port 4002 | 
Thu, 07 Apr 2022 19:36:36 GMT | INFO | c10.log | Database is connected | 
Thu, 07 Apr 2022 19:36:49 GMT | INFO | c10.log | Server running on port 4002 | 
Thu, 07 Apr 2022 19:36:51 GMT | INFO | c10.log | Database is connected | 
Thu, 07 Apr 2022 19:36:55 GMT | INFO | c10.log | Server running on port 4002 | 
Thu, 07 Apr 2022 19:36:56 GMT | INFO | c10.log | Database is connected | 
Thu, 07 Apr 2022 19:37:05 GMT | INFO | c10.log | Server running on port 4002 | 
Thu, 07 Apr 2022 19:37:07 GMT | INFO | c10.log | Database is connected | 
Thu, 07 Apr 2022 20:11:28 GMT | INFO | c10.log | Server running on port 4002 | 
Thu, 07 Apr 2022 20:11:29 GMT | INFO | c10.log | Database is connected | 
Thu, 07 Apr 2022 20:12:00 GMT | INFO | c10.log | Server running on port 4002 | 
Thu, 07 Apr 2022 20:12:01 GMT | INFO | c10.log | Database is connected | 
Thu, 07 Apr 2022 20:16:50 GMT | INFO | c10.log | Server running on port 4002 | 
Thu, 07 Apr 2022 20:16:53 GMT | INFO | c10.log | Database is connected | 
Thu, 07 Apr 2022 20:19:07 GMT | INFO | c10.log | Server running on port 4002 | 
Thu, 07 Apr 2022 20:19:11 GMT | INFO | c10.log | Database is connected | 
Thu, 07 Apr 2022 20:20:00 GMT | INFO | c10.log | Server running on port 4002 | 
Thu, 07 Apr 2022 20:20:01 GMT | INFO | c10.log | Database is connected | 
Thu, 07 Apr 2022 20:20:16 GMT | INFO | c10.log | Server running on port 4002 | 
Thu, 07 Apr 2022 20:20:18 GMT | INFO | c10.log | Database is connected | 
Thu, 07 Apr 2022 20:20:25 GMT | INFO | c10.log | Server running on port 4002 | 
Thu, 07 Apr 2022 20:20:26 GMT | INFO | c10.log | Database is connected | 
Thu, 07 Apr 2022 20:20:37 GMT | INFO | c10.log | Server running on port 4002 | 
Thu, 07 Apr 2022 20:20:38 GMT | INFO | c10.log | Database is connected | 
Thu, 07 Apr 2022 20:29:30 GMT | INFO | c10.log | Server running on port 4002 | 
Thu, 07 Apr 2022 20:29:32 GMT | INFO | c10.log | Database is connected | 
Thu, 07 Apr 2022 20:30:10 GMT | INFO | c10.log | Server running on port 4002 | 
Thu, 07 Apr 2022 20:30:12 GMT | INFO | c10.log | Database is connected | 
Thu, 07 Apr 2022 20:31:57 GMT | INFO | c10.log | Server running on port 4002 | 
Thu, 07 Apr 2022 20:31:58 GMT | INFO | c10.log | Database is connected | 
Thu, 07 Apr 2022 20:32:01 GMT | INFO | c10.log | Server running on port 4002 | 
Thu, 07 Apr 2022 20:32:03 GMT | INFO | c10.log | Database is connected | 
Thu, 07 Apr 2022 20:32:08 GMT | INFO | c10.log | Server running on port 4002 | 
Thu, 07 Apr 2022 20:32:09 GMT | INFO | c10.log | Database is connected | 
Thu, 07 Apr 2022 20:34:26 GMT | INFO | c10.log | Server running on port 4002 | 
Thu, 07 Apr 2022 20:34:28 GMT | INFO | c10.log | Database is connected | 
Thu, 07 Apr 2022 20:34:48 GMT | INFO | c10.log | Server running on port 4002 | 
Thu, 07 Apr 2022 20:34:49 GMT | INFO | c10.log | Database is connected | 
Thu, 07 Apr 2022 21:04:36 GMT | INFO | c10.log | Server running on port 4002 | 
Thu, 07 Apr 2022 21:04:38 GMT | INFO | c10.log | Database is connected | 
Thu, 07 Apr 2022 21:05:01 GMT | INFO | c10.log | Server running on port 4002 | 
Thu, 07 Apr 2022 21:05:02 GMT | INFO | c10.log | Database is connected | 
Thu, 07 Apr 2022 21:10:36 GMT | INFO | c10.log | Server running on port 4002 | 
Thu, 07 Apr 2022 21:10:40 GMT | INFO | c10.log | Database is connected | 
Thu, 07 Apr 2022 21:11:06 GMT | INFO | c10.log | Server running on port 4002 | 
Thu, 07 Apr 2022 21:11:07 GMT | INFO | c10.log | Database is connected | 
Thu, 07 Apr 2022 21:12:01 GMT | INFO | c10.log | Server running on port 4002 | 
Thu, 07 Apr 2022 21:12:02 GMT | INFO | c10.log | Database is connected | 
Thu, 07 Apr 2022 21:12:29 GMT | INFO | c10.log | Server running on port 4002 | 
Thu, 07 Apr 2022 21:12:31 GMT | INFO | c10.log | Server running on port 4002 | 
Thu, 07 Apr 2022 21:12:33 GMT | INFO | c10.log | Server running on port 4002 | 
Thu, 07 Apr 2022 21:12:34 GMT | INFO | c10.log | Database is connected | 
Thu, 07 Apr 2022 21:12:39 GMT | INFO | c10.log | Server running on port 4002 | 
Thu, 07 Apr 2022 21:12:41 GMT | INFO | c10.log | Database is connected | 
Thu, 07 Apr 2022 21:12:44 GMT | INFO | c10.log | Server running on port 4002 | 
Thu, 07 Apr 2022 21:12:46 GMT | INFO | c10.log | Server running on port 4002 | 
Thu, 07 Apr 2022 21:12:47 GMT | INFO | c10.log | Database is connected | 
Thu, 07 Apr 2022 21:12:50 GMT | INFO | c10.log | Server running on port 4002 | 
Thu, 07 Apr 2022 21:12:50 GMT | INFO | c10.log | Database is connected | 
Thu, 07 Apr 2022 21:14:18 GMT | INFO | c10.log | Server running on port 4002 | 
Thu, 07 Apr 2022 21:14:19 GMT | INFO | c10.log | Database is connected | 
Thu, 07 Apr 2022 21:15:40 GMT | INFO | c10.log | Server running on port 4002 | 
Thu, 07 Apr 2022 21:15:42 GMT | INFO | c10.log | Database is connected | 
Mon, 02 May 2022 20:56:25 GMT | INFO | c10.log | Server running on port 4001 | 
Mon, 02 May 2022 20:56:28 GMT | INFO | c10.log | Database is connected | 
Tue, 03 May 2022 21:20:01 GMT | INFO | c10.log | Server running on port 4001 | 
Tue, 03 May 2022 21:20:02 GMT | INFO | c10.log | Database is connected | 
Tue, 03 May 2022 21:28:06 GMT | INFO | c10.log | Server running on port 4001 | 
Tue, 03 May 2022 21:28:09 GMT | INFO | c10.log | Database is connected | 
Tue, 03 May 2022 21:29:53 GMT | INFO | c10.log | Server running on port 4001 | 
Tue, 03 May 2022 21:29:55 GMT | INFO | c10.log | Database is connected | 
Tue, 03 May 2022 21:30:33 GMT | INFO | c10.log | Server running on port 4001 | 
Tue, 03 May 2022 21:30:38 GMT | INFO | c10.log | Database is connected | 
Tue, 03 May 2022 21:35:04 GMT | INFO | c10.log | Server running on port 4001 | 
Tue, 03 May 2022 21:35:06 GMT | INFO | c10.log | Database is connected | 
Tue, 03 May 2022 21:36:45 GMT | INFO | c10.log | Server running on port 4001 | 
Tue, 03 May 2022 21:36:47 GMT | INFO | c10.log | Database is connected | 
Tue, 03 May 2022 23:26:58 GMT | INFO | c10.log | Server running on port 4001 | 
Tue, 03 May 2022 23:27:01 GMT | INFO | c10.log | Database is connected | 
Wed, 04 May 2022 15:52:07 GMT | INFO | c10.log | Server running on port 4001 | 
Wed, 04 May 2022 15:52:09 GMT | INFO | c10.log | Database is connected | 
Wed, 04 May 2022 16:11:10 GMT | INFO | c10.log | Server running on port 4001 | 
Wed, 04 May 2022 16:11:11 GMT | INFO | c10.log | Database is connected | 
Wed, 04 May 2022 23:31:29 GMT | INFO | c10.log | Server running on port 4001 | 
Tue, 24 May 2022 16:44:24 GMT | INFO | c10.log | Server running on port 4001 | 
Tue, 24 May 2022 16:44:26 GMT | INFO | c10.log | Database is connected | 
Tue, 24 May 2022 21:00:25 GMT | INFO | c10.log | Server running on port 4001 | 
Tue, 24 May 2022 21:00:26 GMT | INFO | c10.log | Database is connected | 
Tue, 24 May 2022 21:15:02 GMT | INFO | c10.log | Server running on port 4001 | 
Tue, 24 May 2022 21:15:04 GMT | INFO | c10.log | Database is connected | 
Thu, 09 Jun 2022 21:55:48 GMT | INFO | c10.log | Server running on port 4001 | 
Thu, 09 Jun 2022 21:55:50 GMT | INFO | c10.log | Database is connected | 
Fri, 17 Jun 2022 16:22:58 GMT | INFO | c10.log | Server running on port 4001 | 
Fri, 17 Jun 2022 16:23:01 GMT | INFO | c10.log | Database is connected | 
Fri, 17 Jun 2022 16:28:36 GMT | INFO | c10.log | Server running on port 4001 | 
Fri, 17 Jun 2022 16:28:39 GMT | INFO | c10.log | Database is connected | 
Fri, 17 Jun 2022 17:25:23 GMT | INFO | c10.log | Server running on port 4001 | 
Fri, 17 Jun 2022 17:25:26 GMT | INFO | c10.log | Database is connected | 
Fri, 17 Jun 2022 17:39:51 GMT | INFO | c10.log | Server running on port 4001 | 
Fri, 17 Jun 2022 17:39:53 GMT | INFO | c10.log | Database is connected | 
Fri, 17 Jun 2022 17:46:19 GMT | INFO | c10.log | Server running on port 4001 | 
Fri, 17 Jun 2022 17:46:21 GMT | INFO | c10.log | Database is connected | 
Fri, 17 Jun 2022 17:48:26 GMT | INFO | c10.log | Server running on port 4001 | 
Fri, 17 Jun 2022 17:48:29 GMT | INFO | c10.log | Database is connected | 
Fri, 17 Jun 2022 17:49:16 GMT | INFO | c10.log | Server running on port 4001 | 
Fri, 17 Jun 2022 17:49:17 GMT | INFO | c10.log | Database is connected | 
Fri, 17 Jun 2022 17:49:54 GMT | INFO | c10.log | Server running on port 4001 | 
Fri, 17 Jun 2022 17:49:55 GMT | INFO | c10.log | Database is connected | 
Fri, 17 Jun 2022 17:50:14 GMT | INFO | c10.log | Server running on port 4001 | 
Fri, 17 Jun 2022 17:50:16 GMT | INFO | c10.log | Database is connected | 
Fri, 17 Jun 2022 17:51:28 GMT | INFO | c10.log | Server running on port 4001 | 
Fri, 17 Jun 2022 17:51:32 GMT | INFO | c10.log | Database is connected | 
Fri, 17 Jun 2022 17:52:31 GMT | INFO | c10.log | Server running on port 4001 | 
Fri, 17 Jun 2022 17:52:34 GMT | INFO | c10.log | Database is connected | 
Fri, 17 Jun 2022 18:10:06 GMT | INFO | c10.log | Server running on port 4001 | 
Fri, 17 Jun 2022 18:10:09 GMT | INFO | c10.log | Database is connected | 
Fri, 17 Jun 2022 18:14:52 GMT | INFO | c10.log | Server running on port 4001 | 
Fri, 17 Jun 2022 18:14:54 GMT | INFO | c10.log | Database is connected | 
Fri, 17 Jun 2022 18:15:24 GMT | INFO | c10.log | Server running on port 4001 | 
Fri, 17 Jun 2022 18:15:26 GMT | INFO | c10.log | Database is connected | 
Fri, 17 Jun 2022 18:15:58 GMT | INFO | c10.log | Server running on port 4001 | 
Fri, 17 Jun 2022 18:16:02 GMT | INFO | c10.log | Database is connected | 
Fri, 17 Jun 2022 18:17:04 GMT | INFO | c10.log | Server running on port 4001 | 
Fri, 17 Jun 2022 18:17:06 GMT | INFO | c10.log | Database is connected | 
Fri, 17 Jun 2022 18:17:39 GMT | INFO | c10.log | Server running on port 4001 | 
Fri, 17 Jun 2022 18:17:41 GMT | INFO | c10.log | Database is connected | 
Fri, 17 Jun 2022 18:18:22 GMT | INFO | c10.log | Server running on port 4001 | 
Fri, 17 Jun 2022 18:18:24 GMT | INFO | c10.log | Database is connected | 
Fri, 17 Jun 2022 18:19:32 GMT | INFO | c10.log | Server running on port 4001 | 
Fri, 17 Jun 2022 18:19:34 GMT | INFO | c10.log | Database is connected | 
Fri, 17 Jun 2022 18:20:36 GMT | INFO | c10.log | Server running on port 4001 | 
Fri, 17 Jun 2022 18:20:38 GMT | INFO | c10.log | Database is connected | 
Fri, 17 Jun 2022 18:23:51 GMT | INFO | c10.log | Server running on port 4001 | 
Fri, 17 Jun 2022 18:23:54 GMT | INFO | c10.log | Database is connected | 
Fri, 17 Jun 2022 18:24:39 GMT | INFO | c10.log | Server running on port 4001 | 
Fri, 17 Jun 2022 18:24:41 GMT | INFO | c10.log | Database is connected | 
Fri, 17 Jun 2022 18:24:54 GMT | INFO | c10.log | Server running on port 4001 | 
Fri, 17 Jun 2022 18:24:56 GMT | INFO | c10.log | Database is connected | 
Fri, 17 Jun 2022 18:29:01 GMT | INFO | c10.log | Server running on port 4001 | 
Fri, 17 Jun 2022 18:29:05 GMT | INFO | c10.log | Database is connected | 
Fri, 17 Jun 2022 20:20:47 GMT | INFO | c10.log | Server running on port 4001 | 
Fri, 17 Jun 2022 20:20:50 GMT | INFO | c10.log | Database is connected | 
Fri, 17 Jun 2022 20:23:14 GMT | INFO | c10.log | Server running on port 4001 | 
Fri, 17 Jun 2022 20:23:17 GMT | INFO | c10.log | Database is connected | 
Fri, 17 Jun 2022 20:29:14 GMT | INFO | c10.log | Server running on port 4001 | 
Fri, 17 Jun 2022 20:29:16 GMT | INFO | c10.log | Database is connected | 
Fri, 17 Jun 2022 20:29:44 GMT | INFO | c10.log | Server running on port 4001 | 
Fri, 17 Jun 2022 20:29:46 GMT | INFO | c10.log | Database is connected | 
Fri, 17 Jun 2022 20:30:20 GMT | INFO | c10.log | Server running on port 4001 | 
Fri, 17 Jun 2022 20:30:21 GMT | INFO | c10.log | Database is connected | 
Fri, 17 Jun 2022 20:31:07 GMT | INFO | c10.log | Server running on port 4001 | 
Fri, 17 Jun 2022 20:31:08 GMT | INFO | c10.log | Database is connected | 
Fri, 17 Jun 2022 20:31:54 GMT | INFO | c10.log | Server running on port 4001 | 
Fri, 17 Jun 2022 20:31:57 GMT | INFO | c10.log | Database is connected | 
Sat, 18 Jun 2022 01:15:23 GMT | INFO | c10.log | Server running on port 4001 | 
Sat, 18 Jun 2022 01:15:27 GMT | INFO | c10.log | Database is connected | 
Sat, 18 Jun 2022 01:17:16 GMT | INFO | c10.log | Server running on port 4001 | 
Sat, 18 Jun 2022 01:17:21 GMT | INFO | c10.log | Database is connected | 
Sat, 18 Jun 2022 01:31:51 GMT | INFO | c10.log | Server running on port 4001 | 
Sat, 18 Jun 2022 01:31:55 GMT | INFO | c10.log | Database is connected | 
Sat, 18 Jun 2022 02:21:05 GMT | INFO | c10.log | Server running on port 4001 | 
Sat, 18 Jun 2022 02:21:05 GMT | ERROR | c10.log | MongoParseError: options usefindandmodify, usecreateindex are not supported | 
Sat, 18 Jun 2022 02:21:33 GMT | INFO | c10.log | Server running on port 4001 | 
Sat, 18 Jun 2022 02:21:33 GMT | ERROR | c10.log | MongoParseError: option usefindandmodify is not supported | 
Sat, 18 Jun 2022 02:21:41 GMT | INFO | c10.log | Server running on port 4001 | 
Sat, 18 Jun 2022 02:21:44 GMT | INFO | c10.log | Database is connected | 
Sat, 18 Jun 2022 02:29:11 GMT | INFO | c10.log | Server running on port 4001 | 
Sat, 18 Jun 2022 02:29:14 GMT | INFO | c10.log | Database is connected | 
Sat, 18 Jun 2022 02:29:32 GMT | INFO | c10.log | Server running on port 4001 | 
Sat, 18 Jun 2022 02:29:33 GMT | INFO | c10.log | Database is connected | 
Sat, 18 Jun 2022 02:29:40 GMT | INFO | c10.log | Server running on port 4001 | 
Sat, 18 Jun 2022 02:29:41 GMT | INFO | c10.log | Database is connected | 
Sat, 18 Jun 2022 02:31:21 GMT | INFO | c10.log | Server running on port 4001 | 
Sat, 18 Jun 2022 02:31:24 GMT | INFO | c10.log | Database is connected | 
Sat, 18 Jun 2022 02:33:00 GMT | INFO | c10.log | Server running on port 4001 | 
Sat, 18 Jun 2022 02:33:03 GMT | INFO | c10.log | Database is connected | 
Sat, 18 Jun 2022 02:33:46 GMT | INFO | c10.log | Server running on port 4001 | 
Sat, 18 Jun 2022 02:33:47 GMT | INFO | c10.log | Database is connected | 
Sat, 18 Jun 2022 02:34:37 GMT | INFO | c10.log | Server running on port 4001 | 
Sat, 18 Jun 2022 02:34:38 GMT | INFO | c10.log | Server running on port 4001 | 
Sat, 18 Jun 2022 02:34:40 GMT | INFO | c10.log | Database is connected | 
Sat, 18 Jun 2022 02:34:58 GMT | INFO | c10.log | Server running on port 4001 | 
Sat, 18 Jun 2022 02:34:59 GMT | INFO | c10.log | Database is connected | 
Sat, 18 Jun 2022 02:38:30 GMT | INFO | c10.log | Server running on port 4001 | 
Sat, 18 Jun 2022 02:38:35 GMT | INFO | c10.log | Database is connected | 
Sat, 18 Jun 2022 02:38:36 GMT | INFO | c10.log | Server running on port 4001 | 
Sat, 18 Jun 2022 02:38:37 GMT | INFO | c10.log | Database is connected | 
Sat, 18 Jun 2022 02:39:18 GMT | INFO | c10.log | Server running on port 4001 | 
Sat, 18 Jun 2022 02:39:20 GMT | INFO | c10.log | Database is connected | 
Sat, 18 Jun 2022 02:39:33 GMT | INFO | c10.log | Server running on port 4001 | 
Sat, 18 Jun 2022 02:39:37 GMT | INFO | c10.log | Database is connected | 
Sat, 18 Jun 2022 02:39:38 GMT | INFO | c10.log | Server running on port 4001 | 
Sat, 18 Jun 2022 02:39:40 GMT | INFO | c10.log | Database is connected | 
Sat, 18 Jun 2022 02:39:58 GMT | INFO | c10.log | Server running on port 4001 | 
Sat, 18 Jun 2022 02:39:59 GMT | INFO | c10.log | Database is connected | 
Sat, 18 Jun 2022 02:40:39 GMT | INFO | c10.log | Server running on port 4001 | 
Sat, 18 Jun 2022 02:40:41 GMT | INFO | c10.log | Database is connected | 
Sat, 18 Jun 2022 02:40:46 GMT | INFO | c10.log | Server running on port 4001 | 
Sat, 18 Jun 2022 02:40:48 GMT | INFO | c10.log | Database is connected | 
Sat, 18 Jun 2022 02:40:56 GMT | INFO | c10.log | Server running on port 4001 | 
Sat, 18 Jun 2022 02:40:58 GMT | INFO | c10.log | Database is connected | 
Sat, 18 Jun 2022 03:24:53 GMT | INFO | c10.log | Server running on port 4001 | 
Sat, 18 Jun 2022 03:24:55 GMT | INFO | c10.log | Database is connected | 
Sat, 18 Jun 2022 03:27:19 GMT | INFO | c10.log | Server running on port 4001 | 
Sat, 18 Jun 2022 03:27:22 GMT | INFO | c10.log | Database is connected | 
Sat, 18 Jun 2022 03:27:30 GMT | INFO | c10.log | Server running on port 4001 | 
Sat, 18 Jun 2022 03:27:32 GMT | INFO | c10.log | Database is connected | 
Sat, 18 Jun 2022 03:28:54 GMT | INFO | c10.log | Server running on port 4001 | 
Sat, 18 Jun 2022 03:28:56 GMT | INFO | c10.log | Database is connected | 
Sat, 18 Jun 2022 03:36:24 GMT | INFO | c10.log | Server running on port 4001 | 
Sat, 18 Jun 2022 03:36:26 GMT | INFO | c10.log | Database is connected | 
Sat, 18 Jun 2022 03:38:59 GMT | INFO | c10.log | Server running on port 4001 | 
Sat, 18 Jun 2022 03:39:01 GMT | INFO | c10.log | Server running on port 4001 | 
Sat, 18 Jun 2022 03:39:02 GMT | INFO | c10.log | Database is connected | 
Sat, 18 Jun 2022 03:39:05 GMT | INFO | c10.log | Server running on port 4001 | 
Sat, 18 Jun 2022 03:39:06 GMT | INFO | c10.log | Database is connected | 
Sat, 18 Jun 2022 03:40:35 GMT | INFO | c10.log | Server running on port 4001 | 
Sat, 18 Jun 2022 03:40:37 GMT | INFO | c10.log | Database is connected | 
